07/08/20 16:43:27 ******************************************************
07/08/20 16:43:27 ** condor_scheduniv_exec.17.0 (CONDOR_DAGMAN) STARTING UP
07/08/20 16:43:27 ** /usr/bin/condor_dagman
07/08/20 16:43:27 ** SubsystemInfo: name=DAGMAN type=DAGMAN(10) class=DAEMON(1)
07/08/20 16:43:27 ** Configuration: subsystem:DAGMAN local:<NONE> class:DAEMON
07/08/20 16:43:27 ** $CondorVersion: 8.8.9 May 06 2020 BuildID: 503068 PackageID: 8.8.9-1 $
07/08/20 16:43:27 ** $CondorPlatform: x86_64_CentOS7 $
07/08/20 16:43:27 ** PID = 11981
07/08/20 16:43:27 ** Log last touched time unavailable (No such file or directory)
07/08/20 16:43:27 ******************************************************
07/08/20 16:43:27 Using config source: /etc/condor/condor_config
07/08/20 16:43:27 Using local config sources: 
07/08/20 16:43:27    /etc/condor/config.d/00-minicondor
07/08/20 16:43:27    /etc/condor/condor_config.local
07/08/20 16:43:27 config Macros = 81, Sorted = 81, StringBytes = 2235, TablesBytes = 2964
07/08/20 16:43:27 CLASSAD_CACHING is ENABLED
07/08/20 16:43:27 Daemon Log is logging: D_ALWAYS D_ERROR
07/08/20 16:43:27 DaemonCore: No command port requested.
07/08/20 16:43:27 DAGMAN_USE_STRICT setting: 1
07/08/20 16:43:27 DAGMAN_VERBOSITY setting: 3
07/08/20 16:43:27 DAGMAN_DEBUG_CACHE_SIZE setting: 5242880
07/08/20 16:43:27 DAGMAN_DEBUG_CACHE_ENABLE setting: False
07/08/20 16:43:27 DAGMAN_SUBMIT_DELAY setting: 0
07/08/20 16:43:27 DAGMAN_MAX_SUBMIT_ATTEMPTS setting: 6
07/08/20 16:43:27 DAGMAN_STARTUP_CYCLE_DETECT setting: False
07/08/20 16:43:27 DAGMAN_MAX_SUBMITS_PER_INTERVAL setting: 100
07/08/20 16:43:27 DAGMAN_AGGRESSIVE_SUBMIT setting: False
07/08/20 16:43:27 DAGMAN_USER_LOG_SCAN_INTERVAL setting: 5
07/08/20 16:43:27 DAGMAN_QUEUE_UPDATE_INTERVAL setting: 300
07/08/20 16:43:27 DAGMAN_DEFAULT_PRIORITY setting: 0
07/08/20 16:43:27 DAGMAN_SUPPRESS_NOTIFICATION setting: True
07/08/20 16:43:27 allow_events (DAGMAN_ALLOW_EVENTS) setting: 114
07/08/20 16:43:27 DAGMAN_RETRY_SUBMIT_FIRST setting: True
07/08/20 16:43:27 DAGMAN_RETRY_NODE_FIRST setting: False
07/08/20 16:43:27 DAGMAN_MAX_JOBS_IDLE setting: 1000
07/08/20 16:43:27 DAGMAN_MAX_JOBS_SUBMITTED setting: 0
07/08/20 16:43:27 DAGMAN_MAX_PRE_SCRIPTS setting: 20
07/08/20 16:43:27 DAGMAN_MAX_POST_SCRIPTS setting: 20
07/08/20 16:43:27 DAGMAN_MUNGE_NODE_NAMES setting: True
07/08/20 16:43:27 DAGMAN_PROHIBIT_MULTI_JOBS setting: False
07/08/20 16:43:27 DAGMAN_SUBMIT_DEPTH_FIRST setting: False
07/08/20 16:43:27 DAGMAN_ALWAYS_RUN_POST setting: False
07/08/20 16:43:27 DAGMAN_CONDOR_SUBMIT_EXE setting: /usr/bin/condor_submit
07/08/20 16:43:27 DAGMAN_USE_CONDOR_SUBMIT setting: True
07/08/20 16:43:27 DAGMAN_ABORT_DUPLICATES setting: True
07/08/20 16:43:27 DAGMAN_ABORT_ON_SCARY_SUBMIT setting: True
07/08/20 16:43:27 DAGMAN_PENDING_REPORT_INTERVAL setting: 600
07/08/20 16:43:27 DAGMAN_AUTO_RESCUE setting: True
07/08/20 16:43:27 DAGMAN_MAX_RESCUE_NUM setting: 100
07/08/20 16:43:27 DAGMAN_WRITE_PARTIAL_RESCUE setting: True
07/08/20 16:43:27 DAGMAN_DEFAULT_NODE_LOG setting: @(DAG_DIR)/@(DAG_FILE).nodes.log
07/08/20 16:43:27 DAGMAN_GENERATE_SUBDAG_SUBMITS setting: True
07/08/20 16:43:27 DAGMAN_MAX_JOB_HOLDS setting: 100
07/08/20 16:43:27 DAGMAN_HOLD_CLAIM_TIME setting: 20
07/08/20 16:43:27 ALL_DEBUG setting: 
07/08/20 16:43:27 DAGMAN_DEBUG setting: 
07/08/20 16:43:27 DAGMAN_SUPPRESS_JOB_LOGS setting: False
07/08/20 16:43:27 DAGMAN_REMOVE_NODE_JOBS setting: True
07/08/20 16:43:27 argv[0] == "condor_scheduniv_exec.17.0"
07/08/20 16:43:27 argv[1] == "-Lockfile"
07/08/20 16:43:27 argv[2] == "workflow3-0.dag.lock"
07/08/20 16:43:27 argv[3] == "-AutoRescue"
07/08/20 16:43:27 argv[4] == "1"
07/08/20 16:43:27 argv[5] == "-DoRescueFrom"
07/08/20 16:43:27 argv[6] == "0"
07/08/20 16:43:27 argv[7] == "-Dag"
07/08/20 16:43:27 argv[8] == "workflow3-0.dag"
07/08/20 16:43:27 argv[9] == "-MaxPost"
07/08/20 16:43:27 argv[10] == "20"
07/08/20 16:43:27 argv[11] == "-Suppress_notification"
07/08/20 16:43:27 argv[12] == "-CsdVersion"
07/08/20 16:43:27 argv[13] == "$CondorVersion: 8.8.9 May 06 2020 BuildID: 503068 PackageID: 8.8.9-1 $"
07/08/20 16:43:27 argv[14] == "-Dagman"
07/08/20 16:43:27 argv[15] == "/bin/condor_dagman"
07/08/20 16:43:27 Workflow batch-name: <workflow3-0.dag+17>
07/08/20 16:43:27 Workflow accounting_group: <>
07/08/20 16:43:27 Workflow accounting_group_user: <>
07/08/20 16:43:27 Warning: failed to get attribute DAGNodeName
07/08/20 16:43:27 DAGMAN_LOG_ON_NFS_IS_ERROR setting: False
07/08/20 16:43:27 Default node log file is: </home/scitech/shared-data/wf-3/scitech/pegasus/workflow3/run0003/./workflow3-0.dag.nodes.log>
07/08/20 16:43:27 DAG Lockfile will be written to workflow3-0.dag.lock
07/08/20 16:43:27 DAG Input file is workflow3-0.dag
07/08/20 16:43:27 Parsing 1 dagfiles
07/08/20 16:43:27 Parsing workflow3-0.dag ...
07/08/20 16:43:27 Warning:  could not open Pegasus braindump file braindump.txt
07/08/20 16:43:27 Dag contains 18 total jobs
07/08/20 16:43:27 Sleeping for 3 seconds to ensure ProcessId uniqueness
07/08/20 16:43:30 Bootstrapping...
07/08/20 16:43:30 Number of pre-completed nodes: 0
07/08/20 16:43:30 MultiLogFiles: truncating log file /home/scitech/shared-data/wf-3/scitech/pegasus/workflow3/run0003/./workflow3-0.dag.nodes.log
07/08/20 16:43:30 DAG status: 0 (DAG_STATUS_OK)
07/08/20 16:43:30 Of 18 nodes total:
07/08/20 16:43:30  Done     Pre   Queued    Post   Ready   Un-Ready   Failed
07/08/20 16:43:30   ===     ===      ===     ===     ===        ===      ===
07/08/20 16:43:30     0       0        0       0       1         17        0
07/08/20 16:43:30 0 job proc(s) currently held
07/08/20 16:43:30 DAGMan Runtime Statistics: [ EventCycleTimeSum = 0.0; EventCycleTimeCount = 0.0; SleepCycleTimeCount = 0.0; SubmitCycleTimeSum = 0.0; SubmitCycleTimeCount = 0.0; LogProcessCycleTimeSum = 0.0; SleepCycleTimeSum = 0.0; LogProcessCycleTimeCount = 0.0; ]
07/08/20 16:43:30 Registering condor_event_timer...
07/08/20 16:43:31 Submitting HTCondor Node create_dir_workflow3_0_local job(s)...
07/08/20 16:43:31 Adding a DAGMan workflow log /home/scitech/shared-data/wf-3/scitech/pegasus/workflow3/run0003/./workflow3-0.dag.nodes.log
07/08/20 16:43:31 Masking the events recorded in the DAGMAN workflow log
07/08/20 16:43:31 Mask for workflow log is 0,1,2,4,5,7,9,10,11,12,13,16,17,24,27,35,36
07/08/20 16:43:31 submitting: /usr/bin/condor_submit -a dag_node_name' '=' 'create_dir_workflow3_0_local -a +DAGManJobId' '=' '17 -a DAGManJobId' '=' '17 -batch-name workflow3-0.dag+17 -a submit_event_notes' '=' 'DAG' 'Node:' 'create_dir_workflow3_0_local -a dagman_log' '=' '/home/scitech/shared-data/wf-3/scitech/pegasus/workflow3/run0003/./workflow3-0.dag.nodes.log -a +DAGManNodesMask' '=' '"0,1,2,4,5,7,9,10,11,12,13,16,17,24,27,35,36" -a priority=800 -a +DAGNodeRetry' '=' '0 -a DAG_STATUS' '=' '0 -a FAILED_COUNT' '=' '0 -a +KeepClaimIdle' '=' '20 -a notification' '=' 'never -a +DAGParentNodeNames' '=' '"" 00/00/create_dir_workflow3_0_local.sub
07/08/20 16:43:31 From submit: Submitting job(s).
07/08/20 16:43:31 From submit: 1 job(s) submitted to cluster 18.
07/08/20 16:43:31 	assigned HTCondor ID (18.0.0)
07/08/20 16:43:31 Just submitted 1 job this cycle...
07/08/20 16:43:31 DAG status: 0 (DAG_STATUS_OK)
07/08/20 16:43:31 Of 18 nodes total:
07/08/20 16:43:31  Done     Pre   Queued    Post   Ready   Un-Ready   Failed
07/08/20 16:43:31   ===     ===      ===     ===     ===        ===      ===
07/08/20 16:43:31     0       0        1       0       0         17        0
07/08/20 16:43:31 0 job proc(s) currently held
07/08/20 16:43:31 DAGMan Runtime Statistics: [ EventCycleTimeCount = 0.0; EventCycleTimeSum = 0.0; LogProcessCycleTimeCount = 0.0; SleepCycleTimeSum = 0.0; LogProcessCycleTimeSum = 0.0; SubmitCycleTimeCount = 1.0; SubmitCycleTimeMax = 0.05611395835876465; SubmitCycleTimeMin = 0.05611395835876465; SubmitCycleTimeAvg = 0.05611395835876465; SubmitCycleTimeStd = 0.05611395835876465; SubmitCycleTimeSum = 0.05611395835876465; SleepCycleTimeCount = 0.0; ]
07/08/20 16:43:36 Currently monitoring 1 HTCondor log file(s)
07/08/20 16:43:36 Reassigning the id of job create_dir_workflow3_0_local from (18.0.0) to (18.0.0)
07/08/20 16:43:36 Event: ULOG_SUBMIT for HTCondor Node create_dir_workflow3_0_local (18.0.0) {07/08/20 16:43:31}
07/08/20 16:43:36 Number of idle job procs: 1
07/08/20 16:43:36 Event: ULOG_EXECUTE for HTCondor Node create_dir_workflow3_0_local (18.0.0) {07/08/20 16:43:32}
07/08/20 16:43:36 Number of idle job procs: 0
07/08/20 16:43:36 Event: ULOG_JOB_TERMINATED for HTCondor Node create_dir_workflow3_0_local (18.0.0) {07/08/20 16:43:35}
07/08/20 16:43:36 Number of idle job procs: 0
07/08/20 16:43:36 Node create_dir_workflow3_0_local job proc (18.0.0) completed successfully.
07/08/20 16:43:36 Node create_dir_workflow3_0_local job completed
07/08/20 16:43:36 Running POST script of Node create_dir_workflow3_0_local...
07/08/20 16:43:36 Warning: mysin has length 0 (ignore if produced by DAGMan; see gittrac #4987, #5031)
07/08/20 16:43:36 DAG status: 0 (DAG_STATUS_OK)
07/08/20 16:43:36 Of 18 nodes total:
07/08/20 16:43:36  Done     Pre   Queued    Post   Ready   Un-Ready   Failed
07/08/20 16:43:36   ===     ===      ===     ===     ===        ===      ===
07/08/20 16:43:36     0       0        0       1       0         17        0
07/08/20 16:43:36 0 job proc(s) currently held
07/08/20 16:43:36 DAGMan Runtime Statistics: [ EventCycleTimeStd = 0.06382203102111816; EventCycleTimeMax = 0.06382203102111816; SubmitCycleTimeMin = 0.001237869262695312; SubmitCycleTimeAvg = 0.02867591381072998; SleepCycleTimeCount = 1.0; SubmitCycleTimeCount = 2.0; SubmitCycleTimeMax = 0.05611395835876465; SleepCycleTimeMin = 5.01055908203125; SubmitCycleTimeSum = 0.05735182762145996; LogProcessCycleTimeStd = 0.02344107627868652; SubmitCycleTimeStd = 0.03880325472482778; LogProcessCycleTimeAvg = 0.02344107627868652; EventCycleTimeMin = 0.06382203102111816; LogProcessCycleTimeMax = 0.02344107627868652; LogProcessCycleTimeMin = 0.02344107627868652; LogProcessCycleTimeSum = 0.02344107627868652; LogProcessCycleTimeCount = 1.0; EventCycleTimeSum = 0.06382203102111816; SleepCycleTimeSum = 5.01055908203125; SleepCycleTimeAvg = 5.01055908203125; SleepCycleTimeStd = 5.01055908203125; SleepCycleTimeMax = 5.01055908203125; EventCycleTimeCount = 1.0; EventCycleTimeAvg = 0.06382203102111816; ]
07/08/20 16:43:37 Initializing user log writer for /home/scitech/shared-data/wf-3/scitech/pegasus/workflow3/run0003/./workflow3-0.dag.nodes.log, (18.0.0)
07/08/20 16:43:41 Currently monitoring 1 HTCondor log file(s)
07/08/20 16:43:41 Event: ULOG_POST_SCRIPT_TERMINATED for HTCondor Node create_dir_workflow3_0_local (18.0.0) {07/08/20 16:43:37}
07/08/20 16:43:41 POST Script of node create_dir_workflow3_0_local completed successfully.
07/08/20 16:43:41 DAG status: 0 (DAG_STATUS_OK)
07/08/20 16:43:41 Of 18 nodes total:
07/08/20 16:43:41  Done     Pre   Queued    Post   Ready   Un-Ready   Failed
07/08/20 16:43:41   ===     ===      ===     ===     ===        ===      ===
07/08/20 16:43:41     1       0        0       0       2         15        0
07/08/20 16:43:41 0 job proc(s) currently held
07/08/20 16:43:41 DAGMan Runtime Statistics: [ EventCycleTimeStd = 0.02318245255493215; EventCycleTimeMax = 0.06382203102111816; SubmitCycleTimeMin = 0.0008709430694580078; SubmitCycleTimeAvg = 0.01940759023030599; SleepCycleTimeCount = 2.0; SubmitCycleTimeCount = 3.0; SubmitCycleTimeMax = 0.05611395835876465; SleepCycleTimeMin = 4.237662792205811; SubmitCycleTimeSum = 0.05822277069091797; LogProcessCycleTimeStd = 0.01221601115979157; SubmitCycleTimeStd = 0.03178917668946878; LogProcessCycleTimeAvg = 0.01480305194854736; EventCycleTimeMin = 0.0310370922088623; LogProcessCycleTimeMax = 0.02344107627868652; LogProcessCycleTimeMin = 0.006165027618408203; LogProcessCycleTimeSum = 0.02960610389709473; LogProcessCycleTimeCount = 2.0; EventCycleTimeSum = 0.09485912322998047; SleepCycleTimeSum = 9.248221874237061; SleepCycleTimeAvg = 4.62411093711853; SleepCycleTimeStd = 0.5465202076894914; SleepCycleTimeMax = 5.01055908203125; EventCycleTimeCount = 2.0; EventCycleTimeAvg = 0.04742956161499023; ]
07/08/20 16:43:46 Submitting HTCondor Node stage_in_local_local_0_0 job(s)...
07/08/20 16:43:46 Adding a DAGMan workflow log /home/scitech/shared-data/wf-3/scitech/pegasus/workflow3/run0003/./workflow3-0.dag.nodes.log
07/08/20 16:43:46 Masking the events recorded in the DAGMAN workflow log
07/08/20 16:43:46 Mask for workflow log is 0,1,2,4,5,7,9,10,11,12,13,16,17,24,27,35,36
07/08/20 16:43:46 submitting: /usr/bin/condor_submit -a dag_node_name' '=' 'stage_in_local_local_0_0 -a +DAGManJobId' '=' '17 -a DAGManJobId' '=' '17 -batch-name workflow3-0.dag+17 -a submit_event_notes' '=' 'DAG' 'Node:' 'stage_in_local_local_0_0 -a dagman_log' '=' '/home/scitech/shared-data/wf-3/scitech/pegasus/workflow3/run0003/./workflow3-0.dag.nodes.log -a +DAGManNodesMask' '=' '"0,1,2,4,5,7,9,10,11,12,13,16,17,24,27,35,36" -a priority=700 -a +DAGNodeRetry' '=' '0 -a DAG_STATUS' '=' '0 -a FAILED_COUNT' '=' '0 -a +KeepClaimIdle' '=' '20 -a notification' '=' 'never -a +DAGParentNodeNames' '=' '"create_dir_workflow3_0_local" 00/00/stage_in_local_local_0_0.sub
07/08/20 16:43:46 From submit: Submitting job(s).
07/08/20 16:43:46 From submit: 1 job(s) submitted to cluster 19.
07/08/20 16:43:46 	assigned HTCondor ID (19.0.0)
07/08/20 16:43:46 Submitting HTCondor Node stage_in_local_local_1_0 job(s)...
07/08/20 16:43:46 Adding a DAGMan workflow log /home/scitech/shared-data/wf-3/scitech/pegasus/workflow3/run0003/./workflow3-0.dag.nodes.log
07/08/20 16:43:46 Masking the events recorded in the DAGMAN workflow log
07/08/20 16:43:46 Mask for workflow log is 0,1,2,4,5,7,9,10,11,12,13,16,17,24,27,35,36
07/08/20 16:43:46 submitting: /usr/bin/condor_submit -a dag_node_name' '=' 'stage_in_local_local_1_0 -a +DAGManJobId' '=' '17 -a DAGManJobId' '=' '17 -batch-name workflow3-0.dag+17 -a submit_event_notes' '=' 'DAG' 'Node:' 'stage_in_local_local_1_0 -a dagman_log' '=' '/home/scitech/shared-data/wf-3/scitech/pegasus/workflow3/run0003/./workflow3-0.dag.nodes.log -a +DAGManNodesMask' '=' '"0,1,2,4,5,7,9,10,11,12,13,16,17,24,27,35,36" -a priority=700 -a +DAGNodeRetry' '=' '0 -a DAG_STATUS' '=' '0 -a FAILED_COUNT' '=' '0 -a +KeepClaimIdle' '=' '20 -a notification' '=' 'never -a +DAGParentNodeNames' '=' '"create_dir_workflow3_0_local" 00/00/stage_in_local_local_1_0.sub
07/08/20 16:43:46 From submit: Submitting job(s).
07/08/20 16:43:46 From submit: 1 job(s) submitted to cluster 20.
07/08/20 16:43:46 	assigned HTCondor ID (20.0.0)
07/08/20 16:43:46 Just submitted 2 jobs this cycle...
07/08/20 16:43:46 DAG status: 0 (DAG_STATUS_OK)
07/08/20 16:43:46 Of 18 nodes total:
07/08/20 16:43:46  Done     Pre   Queued    Post   Ready   Un-Ready   Failed
07/08/20 16:43:46   ===     ===      ===     ===     ===        ===      ===
07/08/20 16:43:46     1       0        2       0       0         15        0
07/08/20 16:43:46 0 job proc(s) currently held
07/08/20 16:43:46 DAGMan Runtime Statistics: [ EventCycleTimeStd = 0.02356183442059446; EventCycleTimeMax = 0.06382203102111816; SubmitCycleTimeMin = 0.0008709430694580078; SubmitCycleTimeAvg = 0.03943395614624023; SleepCycleTimeCount = 3.0; SubmitCycleTimeCount = 4.0; SubmitCycleTimeMax = 0.09951305389404297; SleepCycleTimeMin = 4.237662792205811; SubmitCycleTimeSum = 0.1577358245849609; LogProcessCycleTimeStd = 0.01221601115979157; SubmitCycleTimeStd = 0.04772758633039263; LogProcessCycleTimeAvg = 0.01480305194854736; EventCycleTimeMin = 0.01811504364013672; LogProcessCycleTimeMax = 0.02344107627868652; LogProcessCycleTimeMin = 0.006165027618408203; LogProcessCycleTimeSum = 0.02960610389709473; LogProcessCycleTimeCount = 2.0; EventCycleTimeSum = 0.1129741668701172; SleepCycleTimeSum = 14.25676202774048; SleepCycleTimeAvg = 4.752254009246826; SleepCycleTimeStd = 0.4456502098169767; SleepCycleTimeMax = 5.01055908203125; EventCycleTimeCount = 3.0; EventCycleTimeAvg = 0.0376580556233724; ]
07/08/20 16:43:51 Currently monitoring 1 HTCondor log file(s)
07/08/20 16:43:51 Reassigning the id of job stage_in_local_local_0_0 from (19.0.0) to (19.0.0)
07/08/20 16:43:51 Event: ULOG_SUBMIT for HTCondor Node stage_in_local_local_0_0 (19.0.0) {07/08/20 16:43:46}
07/08/20 16:43:51 Number of idle job procs: 1
07/08/20 16:43:51 Reassigning the id of job stage_in_local_local_1_0 from (20.0.0) to (20.0.0)
07/08/20 16:43:51 Event: ULOG_SUBMIT for HTCondor Node stage_in_local_local_1_0 (20.0.0) {07/08/20 16:43:46}
07/08/20 16:43:51 Number of idle job procs: 2
07/08/20 16:43:51 Event: ULOG_EXECUTE for HTCondor Node stage_in_local_local_0_0 (19.0.0) {07/08/20 16:43:50}
07/08/20 16:43:51 Number of idle job procs: 1
07/08/20 16:43:51 Event: ULOG_EXECUTE for HTCondor Node stage_in_local_local_1_0 (20.0.0) {07/08/20 16:43:50}
07/08/20 16:43:51 Number of idle job procs: 0
07/08/20 16:43:56 Currently monitoring 1 HTCondor log file(s)
07/08/20 16:43:56 Event: ULOG_JOB_TERMINATED for HTCondor Node stage_in_local_local_1_0 (20.0.0) {07/08/20 16:43:52}
07/08/20 16:43:56 Number of idle job procs: 0
07/08/20 16:43:56 Node stage_in_local_local_1_0 job proc (20.0.0) completed successfully.
07/08/20 16:43:56 Node stage_in_local_local_1_0 job completed
07/08/20 16:43:56 Running POST script of Node stage_in_local_local_1_0...
07/08/20 16:43:56 Warning: mysin has length 0 (ignore if produced by DAGMan; see gittrac #4987, #5031)
07/08/20 16:43:56 DAG status: 0 (DAG_STATUS_OK)
07/08/20 16:43:56 Of 18 nodes total:
07/08/20 16:43:56  Done     Pre   Queued    Post   Ready   Un-Ready   Failed
07/08/20 16:43:56   ===     ===      ===     ===     ===        ===      ===
07/08/20 16:43:56     1       0        1       1       0         15        0
07/08/20 16:43:56 0 job proc(s) currently held
07/08/20 16:43:56 DAGMan Runtime Statistics: [ EventCycleTimeStd = 0.03716993553143177; EventCycleTimeMax = 0.1052489280700684; SubmitCycleTimeMin = 0.0004889965057373047; SubmitCycleTimeAvg = 0.02651063601175944; SleepCycleTimeCount = 5.0; SubmitCycleTimeCount = 6.0; SubmitCycleTimeMax = 0.09951305389404297; SleepCycleTimeMin = 4.237662792205811; SubmitCycleTimeSum = 0.1590638160705566; LogProcessCycleTimeStd = 0.007346327599633894; SubmitCycleTimeStd = 0.04204277626375429; LogProcessCycleTimeAvg = 0.01487129926681519; EventCycleTimeMin = 0.01811504364013672; LogProcessCycleTimeMax = 0.02344107627868652; LogProcessCycleTimeMin = 0.006165027618408203; LogProcessCycleTimeSum = 0.05948519706726074; LogProcessCycleTimeCount = 4.0; EventCycleTimeSum = 0.2376060485839844; SleepCycleTimeSum = 24.26870512962341; SleepCycleTimeAvg = 4.853741025924682; SleepCycleTimeStd = 0.344403673567772; SleepCycleTimeMax = 5.01055908203125; EventCycleTimeCount = 5.0; EventCycleTimeAvg = 0.04752120971679687; ]
07/08/20 16:43:56 Initializing user log writer for /home/scitech/shared-data/wf-3/scitech/pegasus/workflow3/run0003/./workflow3-0.dag.nodes.log, (20.0.0)
07/08/20 16:44:01 Currently monitoring 1 HTCondor log file(s)
07/08/20 16:44:01 Event: ULOG_POST_SCRIPT_TERMINATED for HTCondor Node stage_in_local_local_1_0 (20.0.0) {07/08/20 16:43:56}
07/08/20 16:44:01 POST Script of node stage_in_local_local_1_0 completed successfully.
07/08/20 16:44:01 DAG status: 0 (DAG_STATUS_OK)
07/08/20 16:44:01 Of 18 nodes total:
07/08/20 16:44:01  Done     Pre   Queued    Post   Ready   Un-Ready   Failed
07/08/20 16:44:01   ===     ===      ===     ===     ===        ===      ===
07/08/20 16:44:01     2       0        1       0       0         15        0
07/08/20 16:44:01 0 job proc(s) currently held
07/08/20 16:44:01 DAGMan Runtime Statistics: [ EventCycleTimeStd = 0.03504404880954643; EventCycleTimeMax = 0.1052489280700684; SubmitCycleTimeMin = 0.0004889965057373047; SubmitCycleTimeAvg = 0.02279652867998396; SleepCycleTimeCount = 6.0; SubmitCycleTimeCount = 7.0; SubmitCycleTimeMax = 0.09951305389404297; SleepCycleTimeMin = 4.237662792205811; SubmitCycleTimeSum = 0.1595757007598877; LogProcessCycleTimeStd = 0.008011439646197655; SubmitCycleTimeStd = 0.03961764778740728; LogProcessCycleTimeAvg = 0.01269383430480957; EventCycleTimeMin = 0.01811504364013672; LogProcessCycleTimeMax = 0.02344107627868652; LogProcessCycleTimeMin = 0.003983974456787109; LogProcessCycleTimeSum = 0.06346917152404785; LogProcessCycleTimeCount = 5.0; EventCycleTimeSum = 0.2579829692840576; SleepCycleTimeSum = 29.5630521774292; SleepCycleTimeAvg = 4.927175362904866; SleepCycleTimeStd = 0.3567165869144547; SleepCycleTimeMax = 5.294347047805786; EventCycleTimeCount = 6.0; EventCycleTimeAvg = 0.04299716154734293; ]
