07/09/20 16:35:49 ******************************************************
07/09/20 16:35:49 ** condor_scheduniv_exec.1.0 (CONDOR_DAGMAN) STARTING UP
07/09/20 16:35:49 ** /usr/bin/condor_dagman
07/09/20 16:35:49 ** SubsystemInfo: name=DAGMAN type=DAGMAN(10) class=DAEMON(1)
07/09/20 16:35:49 ** Configuration: subsystem:DAGMAN local:<NONE> class:DAEMON
07/09/20 16:35:49 ** $CondorVersion: 8.8.9 May 06 2020 BuildID: 503068 PackageID: 8.8.9-1 $
07/09/20 16:35:49 ** $CondorPlatform: x86_64_CentOS7 $
07/09/20 16:35:49 ** PID = 1986
07/09/20 16:35:49 ** Log last touched time unavailable (No such file or directory)
07/09/20 16:35:49 ******************************************************
07/09/20 16:35:49 Using config source: /etc/condor/condor_config
07/09/20 16:35:49 Using local config sources: 
07/09/20 16:35:49    /etc/condor/config.d/00-minicondor
07/09/20 16:35:49    /etc/condor/condor_config.local
07/09/20 16:35:49 config Macros = 81, Sorted = 81, StringBytes = 2243, TablesBytes = 2964
07/09/20 16:35:49 CLASSAD_CACHING is ENABLED
07/09/20 16:35:49 Daemon Log is logging: D_ALWAYS D_ERROR
07/09/20 16:35:49 DaemonCore: No command port requested.
07/09/20 16:35:49 DAGMAN_USE_STRICT setting: 1
07/09/20 16:35:49 DAGMAN_VERBOSITY setting: 3
07/09/20 16:35:49 DAGMAN_DEBUG_CACHE_SIZE setting: 5242880
07/09/20 16:35:49 DAGMAN_DEBUG_CACHE_ENABLE setting: False
07/09/20 16:35:49 DAGMAN_SUBMIT_DELAY setting: 0
07/09/20 16:35:49 DAGMAN_MAX_SUBMIT_ATTEMPTS setting: 6
07/09/20 16:35:49 DAGMAN_STARTUP_CYCLE_DETECT setting: False
07/09/20 16:35:49 DAGMAN_MAX_SUBMITS_PER_INTERVAL setting: 100
07/09/20 16:35:49 DAGMAN_AGGRESSIVE_SUBMIT setting: False
07/09/20 16:35:49 DAGMAN_USER_LOG_SCAN_INTERVAL setting: 5
07/09/20 16:35:49 DAGMAN_QUEUE_UPDATE_INTERVAL setting: 300
07/09/20 16:35:49 DAGMAN_DEFAULT_PRIORITY setting: 0
07/09/20 16:35:49 DAGMAN_SUPPRESS_NOTIFICATION setting: True
07/09/20 16:35:49 allow_events (DAGMAN_ALLOW_EVENTS) setting: 114
07/09/20 16:35:49 DAGMAN_RETRY_SUBMIT_FIRST setting: True
07/09/20 16:35:49 DAGMAN_RETRY_NODE_FIRST setting: False
07/09/20 16:35:49 DAGMAN_MAX_JOBS_IDLE setting: 1000
07/09/20 16:35:49 DAGMAN_MAX_JOBS_SUBMITTED setting: 0
07/09/20 16:35:49 DAGMAN_MAX_PRE_SCRIPTS setting: 20
07/09/20 16:35:49 DAGMAN_MAX_POST_SCRIPTS setting: 20
07/09/20 16:35:49 DAGMAN_MUNGE_NODE_NAMES setting: True
07/09/20 16:35:49 DAGMAN_PROHIBIT_MULTI_JOBS setting: False
07/09/20 16:35:49 DAGMAN_SUBMIT_DEPTH_FIRST setting: False
07/09/20 16:35:49 DAGMAN_ALWAYS_RUN_POST setting: False
07/09/20 16:35:49 DAGMAN_CONDOR_SUBMIT_EXE setting: /usr/bin/condor_submit
07/09/20 16:35:49 DAGMAN_USE_CONDOR_SUBMIT setting: True
07/09/20 16:35:49 DAGMAN_ABORT_DUPLICATES setting: True
07/09/20 16:35:49 DAGMAN_ABORT_ON_SCARY_SUBMIT setting: True
07/09/20 16:35:49 DAGMAN_PENDING_REPORT_INTERVAL setting: 600
07/09/20 16:35:49 DAGMAN_AUTO_RESCUE setting: True
07/09/20 16:35:49 DAGMAN_MAX_RESCUE_NUM setting: 100
07/09/20 16:35:49 DAGMAN_WRITE_PARTIAL_RESCUE setting: True
07/09/20 16:35:49 DAGMAN_DEFAULT_NODE_LOG setting: @(DAG_DIR)/@(DAG_FILE).nodes.log
07/09/20 16:35:49 DAGMAN_GENERATE_SUBDAG_SUBMITS setting: True
07/09/20 16:35:49 DAGMAN_MAX_JOB_HOLDS setting: 100
07/09/20 16:35:49 DAGMAN_HOLD_CLAIM_TIME setting: 20
07/09/20 16:35:49 ALL_DEBUG setting: 
07/09/20 16:35:49 DAGMAN_DEBUG setting: 
07/09/20 16:35:49 DAGMAN_SUPPRESS_JOB_LOGS setting: False
07/09/20 16:35:49 DAGMAN_REMOVE_NODE_JOBS setting: True
07/09/20 16:35:49 argv[0] == "condor_scheduniv_exec.1.0"
07/09/20 16:35:49 argv[1] == "-Lockfile"
07/09/20 16:35:49 argv[2] == "add_thumbs-0.dag.lock"
07/09/20 16:35:49 argv[3] == "-AutoRescue"
07/09/20 16:35:49 argv[4] == "1"
07/09/20 16:35:49 argv[5] == "-DoRescueFrom"
07/09/20 16:35:49 argv[6] == "0"
07/09/20 16:35:49 argv[7] == "-Dag"
07/09/20 16:35:49 argv[8] == "add_thumbs-0.dag"
07/09/20 16:35:49 argv[9] == "-MaxPost"
07/09/20 16:35:49 argv[10] == "20"
07/09/20 16:35:49 argv[11] == "-Suppress_notification"
07/09/20 16:35:49 argv[12] == "-CsdVersion"
07/09/20 16:35:49 argv[13] == "$CondorVersion: 8.8.9 May 06 2020 BuildID: 503068 PackageID: 8.8.9-1 $"
07/09/20 16:35:49 argv[14] == "-Dagman"
07/09/20 16:35:49 argv[15] == "/bin/condor_dagman"
07/09/20 16:35:49 Workflow batch-name: <add_thumbs-0.dag+1>
07/09/20 16:35:49 Workflow accounting_group: <>
07/09/20 16:35:49 Workflow accounting_group_user: <>
07/09/20 16:35:49 Warning: failed to get attribute DAGNodeName
07/09/20 16:35:49 DAGMAN_LOG_ON_NFS_IS_ERROR setting: False
07/09/20 16:35:49 Default node log file is: </home/scitech/shared-data/wf-4/thumbs_up/scitech/pegasus/add_thumbs/run0001/./add_thumbs-0.dag.nodes.log>
07/09/20 16:35:49 DAG Lockfile will be written to add_thumbs-0.dag.lock
07/09/20 16:35:49 DAG Input file is add_thumbs-0.dag
07/09/20 16:35:49 Parsing 1 dagfiles
07/09/20 16:35:49 Parsing add_thumbs-0.dag ...
07/09/20 16:35:49 Warning:  could not open Pegasus braindump file braindump.txt
07/09/20 16:35:49 Dag contains 8 total jobs
07/09/20 16:35:49 Sleeping for 3 seconds to ensure ProcessId uniqueness
07/09/20 16:35:52 Bootstrapping...
07/09/20 16:35:52 Number of pre-completed nodes: 0
07/09/20 16:35:52 MultiLogFiles: truncating log file /home/scitech/shared-data/wf-4/thumbs_up/scitech/pegasus/add_thumbs/run0001/./add_thumbs-0.dag.nodes.log
07/09/20 16:35:52 DAG status: 0 (DAG_STATUS_OK)
07/09/20 16:35:52 Of 8 nodes total:
07/09/20 16:35:52  Done     Pre   Queued    Post   Ready   Un-Ready   Failed
07/09/20 16:35:52   ===     ===      ===     ===     ===        ===      ===
07/09/20 16:35:52     0       0        0       0       1          7        0
07/09/20 16:35:52 0 job proc(s) currently held
07/09/20 16:35:52 DAGMan Runtime Statistics: [ EventCycleTimeSum = 0.0; EventCycleTimeCount = 0.0; SleepCycleTimeCount = 0.0; SubmitCycleTimeSum = 0.0; SubmitCycleTimeCount = 0.0; LogProcessCycleTimeSum = 0.0; SleepCycleTimeSum = 0.0; LogProcessCycleTimeCount = 0.0; ]
07/09/20 16:35:52 Registering condor_event_timer...
07/09/20 16:35:53 Submitting HTCondor Node create_dir_add_thumbs_0_local job(s)...
07/09/20 16:35:53 Adding a DAGMan workflow log /home/scitech/shared-data/wf-4/thumbs_up/scitech/pegasus/add_thumbs/run0001/./add_thumbs-0.dag.nodes.log
07/09/20 16:35:53 Masking the events recorded in the DAGMAN workflow log
07/09/20 16:35:53 Mask for workflow log is 0,1,2,4,5,7,9,10,11,12,13,16,17,24,27,35,36
07/09/20 16:35:53 submitting: /usr/bin/condor_submit -a dag_node_name' '=' 'create_dir_add_thumbs_0_local -a +DAGManJobId' '=' '1 -a DAGManJobId' '=' '1 -batch-name add_thumbs-0.dag+1 -a submit_event_notes' '=' 'DAG' 'Node:' 'create_dir_add_thumbs_0_local -a dagman_log' '=' '/home/scitech/shared-data/wf-4/thumbs_up/scitech/pegasus/add_thumbs/run0001/./add_thumbs-0.dag.nodes.log -a +DAGManNodesMask' '=' '"0,1,2,4,5,7,9,10,11,12,13,16,17,24,27,35,36" -a priority=800 -a +DAGNodeRetry' '=' '0 -a DAG_STATUS' '=' '0 -a FAILED_COUNT' '=' '0 -a +KeepClaimIdle' '=' '20 -a notification' '=' 'never -a +DAGParentNodeNames' '=' '"" 00/00/create_dir_add_thumbs_0_local.sub
07/09/20 16:35:53 From submit: Submitting job(s).
07/09/20 16:35:53 From submit: 1 job(s) submitted to cluster 2.
07/09/20 16:35:53 	assigned HTCondor ID (2.0.0)
07/09/20 16:35:53 Just submitted 1 job this cycle...
07/09/20 16:35:53 DAG status: 0 (DAG_STATUS_OK)
07/09/20 16:35:53 Of 8 nodes total:
07/09/20 16:35:53  Done     Pre   Queued    Post   Ready   Un-Ready   Failed
07/09/20 16:35:53   ===     ===      ===     ===     ===        ===      ===
07/09/20 16:35:53     0       0        1       0       0          7        0
07/09/20 16:35:53 0 job proc(s) currently held
07/09/20 16:35:53 DAGMan Runtime Statistics: [ EventCycleTimeCount = 0.0; EventCycleTimeSum = 0.0; LogProcessCycleTimeCount = 0.0; SleepCycleTimeSum = 0.0; LogProcessCycleTimeSum = 0.0; SubmitCycleTimeCount = 1.0; SubmitCycleTimeMax = 0.0447089672088623; SubmitCycleTimeMin = 0.0447089672088623; SubmitCycleTimeAvg = 0.0447089672088623; SubmitCycleTimeStd = 0.0447089672088623; SubmitCycleTimeSum = 0.0447089672088623; SleepCycleTimeCount = 0.0; ]
07/09/20 16:35:58 Currently monitoring 1 HTCondor log file(s)
07/09/20 16:35:58 Reassigning the id of job create_dir_add_thumbs_0_local from (2.0.0) to (2.0.0)
07/09/20 16:35:58 Event: ULOG_SUBMIT for HTCondor Node create_dir_add_thumbs_0_local (2.0.0) {07/09/20 16:35:53}
07/09/20 16:35:58 Number of idle job procs: 1
07/09/20 16:35:58 Event: ULOG_EXECUTE for HTCondor Node create_dir_add_thumbs_0_local (2.0.0) {07/09/20 16:35:54}
07/09/20 16:35:58 Number of idle job procs: 0
07/09/20 16:35:58 Event: ULOG_JOB_TERMINATED for HTCondor Node create_dir_add_thumbs_0_local (2.0.0) {07/09/20 16:35:56}
07/09/20 16:35:58 Number of idle job procs: 0
07/09/20 16:35:58 Node create_dir_add_thumbs_0_local job proc (2.0.0) completed successfully.
07/09/20 16:35:58 Node create_dir_add_thumbs_0_local job completed
07/09/20 16:35:58 Running POST script of Node create_dir_add_thumbs_0_local...
07/09/20 16:35:58 Warning: mysin has length 0 (ignore if produced by DAGMan; see gittrac #4987, #5031)
07/09/20 16:35:58 DAG status: 0 (DAG_STATUS_OK)
07/09/20 16:35:58 Of 8 nodes total:
07/09/20 16:35:58  Done     Pre   Queued    Post   Ready   Un-Ready   Failed
07/09/20 16:35:58   ===     ===      ===     ===     ===        ===      ===
07/09/20 16:35:58     0       0        0       1       0          7        0
07/09/20 16:35:58 0 job proc(s) currently held
07/09/20 16:35:58 DAGMan Runtime Statistics: [ EventCycleTimeStd = 0.04922890663146973; EventCycleTimeMax = 0.04922890663146973; SubmitCycleTimeMin = 0.0006220340728759766; SubmitCycleTimeAvg = 0.02266550064086914; SleepCycleTimeCount = 1.0; SubmitCycleTimeCount = 2.0; SubmitCycleTimeMax = 0.0447089672088623; SleepCycleTimeMin = 5.005805969238281; SubmitCycleTimeSum = 0.04533100128173828; LogProcessCycleTimeStd = 0.01894187927246094; SubmitCycleTimeStd = 0.03117416938217384; LogProcessCycleTimeAvg = 0.01894187927246094; EventCycleTimeMin = 0.04922890663146973; LogProcessCycleTimeMax = 0.01894187927246094; LogProcessCycleTimeMin = 0.01894187927246094; LogProcessCycleTimeSum = 0.01894187927246094; LogProcessCycleTimeCount = 1.0; EventCycleTimeSum = 0.04922890663146973; SleepCycleTimeSum = 5.005805969238281; SleepCycleTimeAvg = 5.005805969238281; SleepCycleTimeStd = 5.005805969238281; SleepCycleTimeMax = 5.005805969238281; EventCycleTimeCount = 1.0; EventCycleTimeAvg = 0.04922890663146973; ]
07/09/20 16:35:58 Initializing user log writer for /home/scitech/shared-data/wf-4/thumbs_up/scitech/pegasus/add_thumbs/run0001/./add_thumbs-0.dag.nodes.log, (2.0.0)
07/09/20 16:36:03 Currently monitoring 1 HTCondor log file(s)
07/09/20 16:36:03 Event: ULOG_POST_SCRIPT_TERMINATED for HTCondor Node create_dir_add_thumbs_0_local (2.0.0) {07/09/20 16:35:58}
07/09/20 16:36:03 POST Script of node create_dir_add_thumbs_0_local completed successfully.
07/09/20 16:36:03 DAG status: 0 (DAG_STATUS_OK)
07/09/20 16:36:03 Of 8 nodes total:
07/09/20 16:36:03  Done     Pre   Queued    Post   Ready   Un-Ready   Failed
07/09/20 16:36:03   ===     ===      ===     ===     ===        ===      ===
07/09/20 16:36:03     1       0        0       0       1          6        0
07/09/20 16:36:03 0 job proc(s) currently held
07/09/20 16:36:03 DAGMan Runtime Statistics: [ EventCycleTimeStd = 0.0161162805209897; EventCycleTimeMax = 0.04922890663146973; SubmitCycleTimeMin = 0.0006220340728759766; SubmitCycleTimeAvg = 0.01535534858703613; SleepCycleTimeCount = 2.0; SubmitCycleTimeCount = 3.0; SubmitCycleTimeMax = 0.0447089672088623; SleepCycleTimeMin = 5.005805969238281; SubmitCycleTimeSum = 0.0460660457611084; LogProcessCycleTimeStd = 0.009110968536296985; SubmitCycleTimeStd = 0.0254210422186957; LogProcessCycleTimeAvg = 0.01249945163726807; EventCycleTimeMin = 0.02643704414367676; LogProcessCycleTimeMax = 0.01894187927246094; LogProcessCycleTimeMin = 0.006057024002075195; LogProcessCycleTimeSum = 0.02499890327453613; LogProcessCycleTimeCount = 2.0; EventCycleTimeSum = 0.07566595077514648; SleepCycleTimeSum = 10.27813196182251; SleepCycleTimeAvg = 5.139065980911255; SleepCycleTimeStd = 0.1884581158299163; SleepCycleTimeMax = 5.272325992584229; EventCycleTimeCount = 2.0; EventCycleTimeAvg = 0.03783297538757324; ]
07/09/20 16:36:08 Submitting HTCondor Node stage_in_local_local_0_0 job(s)...
07/09/20 16:36:08 Adding a DAGMan workflow log /home/scitech/shared-data/wf-4/thumbs_up/scitech/pegasus/add_thumbs/run0001/./add_thumbs-0.dag.nodes.log
07/09/20 16:36:08 Masking the events recorded in the DAGMAN workflow log
07/09/20 16:36:08 Mask for workflow log is 0,1,2,4,5,7,9,10,11,12,13,16,17,24,27,35,36
07/09/20 16:36:08 submitting: /usr/bin/condor_submit -a dag_node_name' '=' 'stage_in_local_local_0_0 -a +DAGManJobId' '=' '1 -a DAGManJobId' '=' '1 -batch-name add_thumbs-0.dag+1 -a submit_event_notes' '=' 'DAG' 'Node:' 'stage_in_local_local_0_0 -a dagman_log' '=' '/home/scitech/shared-data/wf-4/thumbs_up/scitech/pegasus/add_thumbs/run0001/./add_thumbs-0.dag.nodes.log -a +DAGManNodesMask' '=' '"0,1,2,4,5,7,9,10,11,12,13,16,17,24,27,35,36" -a priority=700 -a +DAGNodeRetry' '=' '0 -a DAG_STATUS' '=' '0 -a FAILED_COUNT' '=' '0 -a +KeepClaimIdle' '=' '20 -a notification' '=' 'never -a +DAGParentNodeNames' '=' '"create_dir_add_thumbs_0_local" 00/00/stage_in_local_local_0_0.sub
07/09/20 16:36:08 From submit: Submitting job(s).
07/09/20 16:36:08 From submit: 1 job(s) submitted to cluster 3.
07/09/20 16:36:08 	assigned HTCondor ID (3.0.0)
07/09/20 16:36:08 Just submitted 1 job this cycle...
07/09/20 16:36:08 DAG status: 0 (DAG_STATUS_OK)
07/09/20 16:36:08 Of 8 nodes total:
07/09/20 16:36:08  Done     Pre   Queued    Post   Ready   Un-Ready   Failed
07/09/20 16:36:08   ===     ===      ===     ===     ===        ===      ===
07/09/20 16:36:08     1       0        1       0       0          6        0
07/09/20 16:36:08 0 job proc(s) currently held
07/09/20 16:36:08 DAGMan Runtime Statistics: [ EventCycleTimeStd = 0.01773677148153377; EventCycleTimeMax = 0.04922890663146973; SubmitCycleTimeMin = 0.0006220340728759766; SubmitCycleTimeAvg = 0.02640426158905029; SleepCycleTimeCount = 3.0; SubmitCycleTimeCount = 4.0; SubmitCycleTimeMax = 0.05955100059509277; SleepCycleTimeMin = 5.005805969238281; SubmitCycleTimeSum = 0.1056170463562012; LogProcessCycleTimeStd = 0.009110968536296985; SubmitCycleTimeStd = 0.03031721467682648; LogProcessCycleTimeAvg = 0.01249945163726807; EventCycleTimeMin = 0.01429200172424316; LogProcessCycleTimeMax = 0.01894187927246094; LogProcessCycleTimeMin = 0.006057024002075195; LogProcessCycleTimeSum = 0.02499890327453613; LogProcessCycleTimeCount = 2.0; EventCycleTimeSum = 0.08995795249938965; SleepCycleTimeSum = 15.28519606590271; SleepCycleTimeAvg = 5.095065355300903; SleepCycleTimeStd = 0.1535135038795872; SleepCycleTimeMax = 5.272325992584229; EventCycleTimeCount = 3.0; EventCycleTimeAvg = 0.02998598416646321; ]
07/09/20 16:36:13 Currently monitoring 1 HTCondor log file(s)
07/09/20 16:36:13 Reassigning the id of job stage_in_local_local_0_0 from (3.0.0) to (3.0.0)
07/09/20 16:36:13 Event: ULOG_SUBMIT for HTCondor Node stage_in_local_local_0_0 (3.0.0) {07/09/20 16:36:08}
07/09/20 16:36:13 Number of idle job procs: 1
07/09/20 16:36:13 Event: ULOG_EXECUTE for HTCondor Node stage_in_local_local_0_0 (3.0.0) {07/09/20 16:36:10}
07/09/20 16:36:13 Number of idle job procs: 0
07/09/20 16:43:46 Currently monitoring 1 HTCondor log file(s)
07/09/20 16:43:46 Event: ULOG_JOB_TERMINATED for HTCondor Node stage_in_local_local_0_0 (3.0.0) {07/09/20 16:43:43}
07/09/20 16:43:46 Number of idle job procs: 0
07/09/20 16:43:46 Node stage_in_local_local_0_0 job proc (3.0.0) failed with status 1.
07/09/20 16:43:46 Node stage_in_local_local_0_0 job completed
07/09/20 16:43:46 Running POST script of Node stage_in_local_local_0_0...
07/09/20 16:43:46 Warning: mysin has length 0 (ignore if produced by DAGMan; see gittrac #4987, #5031)
07/09/20 16:43:46 DAG status: 0 (DAG_STATUS_OK)
07/09/20 16:43:46 Of 8 nodes total:
07/09/20 16:43:46  Done     Pre   Queued    Post   Ready   Un-Ready   Failed
07/09/20 16:43:46   ===     ===      ===     ===     ===        ===      ===
07/09/20 16:43:46     1       0        0       1       0          6        0
07/09/20 16:43:46 0 job proc(s) currently held
07/09/20 16:43:46 DAGMan Runtime Statistics: [ EventCycleTimeStd = 0.008725849036418619; EventCycleTimeMax = 0.06729483604431152; SubmitCycleTimeMin = 0.0002372264862060547; SubmitCycleTimeAvg = 0.001930261913098787; SleepCycleTimeCount = 94.0; SubmitCycleTimeCount = 95.0; SubmitCycleTimeMax = 0.05955100059509277; SleepCycleTimeMin = 4.970971822738647; SubmitCycleTimeSum = 0.1833748817443848; LogProcessCycleTimeStd = 0.007262238976555271; SubmitCycleTimeStd = 0.007490272423374629; LogProcessCycleTimeAvg = 0.01241570711135864; EventCycleTimeMin = 0.0006129741668701172; LogProcessCycleTimeMax = 0.01894187927246094; LogProcessCycleTimeMin = 0.006057024002075195; LogProcessCycleTimeSum = 0.04966282844543457; LogProcessCycleTimeCount = 4.0; EventCycleTimeSum = 0.3482828140258789; SleepCycleTimeSum = 472.3763091564178; SleepCycleTimeAvg = 5.025279884642743; SleepCycleTimeStd = 0.1440945833286862; SleepCycleTimeMax = 5.975538015365601; EventCycleTimeCount = 94.0; EventCycleTimeAvg = 0.003705136319424243; ]
07/09/20 16:43:46 Initializing user log writer for /home/scitech/shared-data/wf-4/thumbs_up/scitech/pegasus/add_thumbs/run0001/./add_thumbs-0.dag.nodes.log, (3.0.0)
07/09/20 16:43:51 Currently monitoring 1 HTCondor log file(s)
07/09/20 16:43:51 Event: ULOG_POST_SCRIPT_TERMINATED for HTCondor Node stage_in_local_local_0_0 (3.0.0) {07/09/20 16:43:46}
07/09/20 16:43:51 POST Script of node stage_in_local_local_0_0 failed with status 1
07/09/20 16:43:51 POST for Node stage_in_local_local_0_0 returned 1
07/09/20 16:43:51 Retrying node stage_in_local_local_0_0 (retry #1 of 1)...
07/09/20 16:43:51 DAG status: 0 (DAG_STATUS_OK)
07/09/20 16:43:51 Of 8 nodes total:
07/09/20 16:43:51  Done     Pre   Queued    Post   Ready   Un-Ready   Failed
07/09/20 16:43:51   ===     ===      ===     ===     ===        ===      ===
07/09/20 16:43:51     1       0        0       0       1          6        0
07/09/20 16:43:51 0 job proc(s) currently held
07/09/20 16:43:51 DAGMan Runtime Statistics: [ EventCycleTimeStd = 0.009196663351282216; EventCycleTimeMax = 0.06729483604431152; SubmitCycleTimeMin = 0.0002372264862060547; SubmitCycleTimeAvg = 0.001918936769167582; SleepCycleTimeCount = 95.0; SubmitCycleTimeCount = 96.0; SubmitCycleTimeMax = 0.05955100059509277; SleepCycleTimeMin = 4.970971822738647; SubmitCycleTimeSum = 0.1842179298400879; LogProcessCycleTimeStd = 0.006744667682846794; SubmitCycleTimeStd = 0.007451571881372776; LogProcessCycleTimeAvg = 0.01132616996765137; EventCycleTimeMin = 0.0006129741668701172; LogProcessCycleTimeMax = 0.01894187927246094; LogProcessCycleTimeMin = 0.006057024002075195; LogProcessCycleTimeSum = 0.05663084983825684; LogProcessCycleTimeCount = 5.0; EventCycleTimeSum = 0.3816287517547607; SleepCycleTimeSum = 477.5883030891418; SleepCycleTimeAvg = 5.027245295675177; SleepCycleTimeStd = 0.1446005987802449; SleepCycleTimeMax = 5.975538015365601; EventCycleTimeCount = 95.0; EventCycleTimeAvg = 0.004017144755313271; ]
07/09/20 16:43:56 Reassigning the id of job stage_in_local_local_0_0 from (3.0.0) to (-1.-1.-1)
07/09/20 16:43:56 Submitting HTCondor Node stage_in_local_local_0_0 job(s)...
07/09/20 16:43:56 Adding a DAGMan workflow log /home/scitech/shared-data/wf-4/thumbs_up/scitech/pegasus/add_thumbs/run0001/./add_thumbs-0.dag.nodes.log
07/09/20 16:43:56 Masking the events recorded in the DAGMAN workflow log
07/09/20 16:43:56 Mask for workflow log is 0,1,2,4,5,7,9,10,11,12,13,16,17,24,27,35,36
07/09/20 16:43:56 submitting: /usr/bin/condor_submit -a dag_node_name' '=' 'stage_in_local_local_0_0 -a +DAGManJobId' '=' '1 -a DAGManJobId' '=' '1 -batch-name add_thumbs-0.dag+1 -a submit_event_notes' '=' 'DAG' 'Node:' 'stage_in_local_local_0_0 -a dagman_log' '=' '/home/scitech/shared-data/wf-4/thumbs_up/scitech/pegasus/add_thumbs/run0001/./add_thumbs-0.dag.nodes.log -a +DAGManNodesMask' '=' '"0,1,2,4,5,7,9,10,11,12,13,16,17,24,27,35,36" -a priority=700 -a +DAGNodeRetry' '=' '1 -a DAG_STATUS' '=' '0 -a FAILED_COUNT' '=' '0 -a +KeepClaimIdle' '=' '20 -a notification' '=' 'never -a +DAGParentNodeNames' '=' '"create_dir_add_thumbs_0_local" 00/00/stage_in_local_local_0_0.sub
07/09/20 16:43:56 From submit: Submitting job(s).
07/09/20 16:43:56 From submit: 1 job(s) submitted to cluster 4.
07/09/20 16:43:56 	assigned HTCondor ID (4.0.0)
07/09/20 16:43:56 Just submitted 1 job this cycle...
07/09/20 16:43:56 DAG status: 0 (DAG_STATUS_OK)
07/09/20 16:43:56 Of 8 nodes total:
07/09/20 16:43:56  Done     Pre   Queued    Post   Ready   Un-Ready   Failed
07/09/20 16:43:56   ===     ===      ===     ===     ===        ===      ===
07/09/20 16:43:56     1       0        1       0       0          6        0
07/09/20 16:43:56 0 job proc(s) currently held
07/09/20 16:43:56 DAGMan Runtime Statistics: [ EventCycleTimeStd = 0.009195269813820343; EventCycleTimeMax = 0.06729483604431152; SubmitCycleTimeMin = 0.0002372264862060547; SubmitCycleTimeAvg = 0.002505968526466605; SleepCycleTimeCount = 96.0; SubmitCycleTimeCount = 97.0; SubmitCycleTimeMax = 0.05955100059509277; SleepCycleTimeMin = 4.970971822738647; SubmitCycleTimeSum = 0.2430789470672607; LogProcessCycleTimeStd = 0.006744667682846794; SubmitCycleTimeStd = 0.009400762629824149; LogProcessCycleTimeAvg = 0.01132616996765137; EventCycleTimeMin = 0.0006129741668701172; LogProcessCycleTimeMax = 0.01894187927246094; LogProcessCycleTimeMin = 0.006057024002075195; LogProcessCycleTimeSum = 0.05663084983825684; LogProcessCycleTimeCount = 5.0; EventCycleTimeSum = 0.3947567939758301; SleepCycleTimeSum = 482.5993661880493; SleepCycleTimeAvg = 5.027076731125514; SleepCycleTimeStd = 0.1438470113295576; SleepCycleTimeMax = 5.975538015365601; EventCycleTimeCount = 96.0; EventCycleTimeAvg = 0.00411204993724823; ]
07/09/20 16:44:01 Currently monitoring 1 HTCondor log file(s)
07/09/20 16:44:01 Reassigning the id of job stage_in_local_local_0_0 from (4.0.0) to (4.0.0)
07/09/20 16:44:01 Event: ULOG_SUBMIT for HTCondor Node stage_in_local_local_0_0 (4.0.0) {07/09/20 16:43:56}
07/09/20 16:44:01 Number of idle job procs: 1
07/09/20 16:44:01 Event: ULOG_EXECUTE for HTCondor Node stage_in_local_local_0_0 (4.0.0) {07/09/20 16:44:01}
07/09/20 16:44:01 Number of idle job procs: 0
