2020-07-08 16:09:44,118:INFO:pegasus-monitord(58): pegasus-monitord starting - pid 624 
2020-07-08 16:09:44,133:INFO:pegasus-monitord(455): Final Command line options are: ['-N', 'print-0.dag.dagman.out']
2020-07-08 16:09:44,151:INFO:Pegasus.monitoring.event_output(629): Connecting workflow event sink to sqlite:////home/scitech/shared-data/wf-1/scitech/pegasus/print/run0001/print-0.stampede.db
Created Pegasus database in: sqlite:////home/scitech/shared-data/wf-1/scitech/pegasus/print/run0001/print-0.stampede.db
Your database is compatible with Pegasus version: 5.0.0dev
2020-07-08 16:09:44,968:INFO:Pegasus.monitoring.event_output(703): output type=DB namespace=stampede. name=sqlite:////home/scitech/shared-data/wf-1/scitech/pegasus/print/run0001/print-0.stampede.db
2020-07-08 16:09:44,969:INFO:Pegasus.monitoring.event_output(629): Connecting workflow event sink to sqlite:////home/scitech/.pegasus/workflow.db
Your database is compatible with Pegasus version: 5.0.0dev
2020-07-08 16:09:45,429:INFO:Pegasus.monitoring.event_output(703): output type=DB namespace=dashboard. name=sqlite:////home/scitech/.pegasus/workflow.db
2020-07-08 16:09:45,429:INFO:pegasus-monitord(1247): monitord started in fast start mode
2020-07-08 16:09:45,461:INFO:Pegasus.monitoring.workflow(461): cannot open state file /home/scitech/shared-data/wf-1/scitech/pegasus/print/run0001/monitord.info, continuing without state...
2020-07-08 16:09:45,462:INFO:Pegasus.monitoring.workflow(1148): creating new file /home/scitech/shared-data/wf-1/scitech/pegasus/print/run0001/jobstate.log
2020-07-08 16:09:45,463:INFO:Pegasus.monitoring.workflow(1158): Appending to existing jobstate.log replay_mode 0 previous_processed_line 0
2020-07-08 16:09:45,466:INFO:Pegasus.monitoring.notifications(474): loading notifications from /home/scitech/shared-data/wf-1/scitech/pegasus/print/run0001/print-0.notify
2020-07-08 16:09:45,676:INFO:Pegasus.monitoring.workflow(205): Parsing DAG file /home/scitech/shared-data/wf-1/scitech/pegasus/print/run0001/print-0.dag
2020-07-08 16:09:45,682:INFO:pegasus-monitord(974): Using DAGMan version 8.8.9 80809
2020-07-08 16:09:45,683:INFO:pegasus-monitord(949): DAGMan runs at pid 623
2020-07-08 16:09:45,685:INFO:pegasus-monitord(955): using dag print-0.dag
2020-07-08 16:09:45,686:INFO:Pegasus.monitoring.workflow(811): DAGMan starting with condor id 1.0
2020-07-08 16:10:58,975:INFO:Pegasus.monitoring.workflow(2467): Populating locations corresponding to succeeded registration job  /home/scitech/shared-data/wf-1/scitech/pegasus/print/run0001/00/00/register_local_0_0.in 
2020-07-08 16:11:14,231:INFO:pegasus-monitord(927): DAGMan print-0.dag finished with exit code 0
2020-07-08 16:11:15,259:INFO:pegasus-monitord(1427): workflow /home/scitech/shared-data/wf-1/scitech/pegasus/print/run0001/print-0.dag.dagman.out ended
2020-07-08 16:11:15,272:INFO:Pegasus.monitoring.workflow(1377): recovery file deleted: /home/scitech/shared-data/wf-1/scitech/pegasus/print/run0001/monitord.recover
2020-07-08 16:11:15,275:INFO:pegasus-monitord(1665): finishing workflow: /home/scitech/shared-data/wf-1/scitech/pegasus/print/run0001/print-0.dag.dagman.out
2020-07-08 16:11:15,276:INFO:pegasus-monitord(1719): finishing notifications...
2020-07-08 16:11:15,277:INFO:pegasus-monitord(1727): monitord process 624 exiting with 0
2020-07-08 16:11:15,279:INFO:pegasus-monitord(197): DB flushing beginning
2020-07-08 16:11:15,279:INFO:Pegasus.db.workflow_loader.WorkflowLoader(1244): Executing final flush
2020-07-08 16:11:15,371:INFO:Pegasus.db.dashboard_loader.DashboardLoader(397): Executing final flush
2020-07-08 16:11:15,372:INFO:pegasus-monitord(213): DB flushing ended
