000 (002.000.000) 07/08 16:09:47 Job submitted from host: <127.0.0.1:9618?addrs=127.0.0.1-9618&noUDP&sock=262_9a4e_4>
    DAG Node: create_dir_print_0_local
    pool:local
...
001 (002.000.000) 07/08 16:09:48 Job executing on host: <127.0.0.1:9618?addrs=127.0.0.1-9618&noUDP&sock=271_b1a4_2>
...
005 (002.000.000) 07/08 16:09:50 Job terminated.
	(1) Normal termination (return value 0)
		Usr 0 00:00:00, Sys 0 00:00:00  -  Run Remote Usage
		Usr 0 00:00:00, Sys 0 00:00:00  -  Run Local Usage
		Usr 0 00:00:00, Sys 0 00:00:00  -  Total Remote Usage
		Usr 0 00:00:00, Sys 0 00:00:00  -  Total Local Usage
	0  -  Run Bytes Sent By Job
	0  -  Run Bytes Received By Job
	0  -  Total Bytes Sent By Job
	0  -  Total Bytes Received By Job
...
016 (002.000.000) 07/08 16:09:52 POST Script terminated.
	(1) Normal termination (return value 0)
    DAG Node: create_dir_print_0_local
...
000 (003.000.000) 07/08 16:10:02 Job submitted from host: <127.0.0.1:9618?addrs=127.0.0.1-9618&noUDP&sock=262_9a4e_4>
    DAG Node: echo_ID0000001
    pool:condorpool
...
001 (003.000.000) 07/08 16:10:10 Job executing on host: <127.0.0.1:9618?addrs=127.0.0.1-9618&noUDP&sock=262_9a4e_5>
...
005 (003.000.000) 07/08 16:10:11 Job terminated.
	(1) Normal termination (return value 0)
		Usr 0 00:00:00, Sys 0 00:00:00  -  Run Remote Usage
		Usr 0 00:00:00, Sys 0 00:00:00  -  Run Local Usage
		Usr 0 00:00:00, Sys 0 00:00:00  -  Total Remote Usage
		Usr 0 00:00:00, Sys 0 00:00:00  -  Total Local Usage
	4766  -  Run Bytes Sent By Job
	10724862  -  Run Bytes Received By Job
	4766  -  Total Bytes Sent By Job
	10724862  -  Total Bytes Received By Job
	Partitionable Resources :    Usage  Request Allocated 
	   Cpus                 :        0        1         1 
	   Disk (KB)            :    64210    12500  12247817 
	   Memory (MB)          :        0        1       497 
...
016 (003.000.000) 07/08 16:10:13 POST Script terminated.
	(1) Normal termination (return value 0)
    DAG Node: echo_ID0000001
...
000 (004.000.000) 07/08 16:10:23 Job submitted from host: <127.0.0.1:9618?addrs=127.0.0.1-9618&noUDP&sock=262_9a4e_4>
    DAG Node: stage_out_local_local_0_0
    pool:local
...
001 (004.000.000) 07/08 16:10:27 Job executing on host: <127.0.0.1:9618?addrs=127.0.0.1-9618&noUDP&sock=271_b1a4_4>
...
005 (004.000.000) 07/08 16:10:29 Job terminated.
	(1) Normal termination (return value 0)
		Usr 0 00:00:00, Sys 0 00:00:00  -  Run Remote Usage
		Usr 0 00:00:00, Sys 0 00:00:00  -  Run Local Usage
		Usr 0 00:00:00, Sys 0 00:00:00  -  Total Remote Usage
		Usr 0 00:00:00, Sys 0 00:00:00  -  Total Local Usage
	0  -  Run Bytes Sent By Job
	0  -  Run Bytes Received By Job
	0  -  Total Bytes Sent By Job
	0  -  Total Bytes Received By Job
...
016 (004.000.000) 07/08 16:10:33 POST Script terminated.
	(1) Normal termination (return value 0)
    DAG Node: stage_out_local_local_0_0
...
000 (005.000.000) 07/08 16:10:43 Job submitted from host: <127.0.0.1:9618?addrs=127.0.0.1-9618&noUDP&sock=262_9a4e_4>
    DAG Node: clean_up_local_level_3_0
    pool:local
...
000 (006.000.000) 07/08 16:10:43 Job submitted from host: <127.0.0.1:9618?addrs=127.0.0.1-9618&noUDP&sock=262_9a4e_4>
    DAG Node: register_local_0_0
    pool:local
...
001 (006.000.000) 07/08 16:10:48 Job executing on host: <127.0.0.1:9618?addrs=127.0.0.1-9618&noUDP&sock=271_b1a4_5>
...
001 (005.000.000) 07/08 16:10:48 Job executing on host: <127.0.0.1:9618?addrs=127.0.0.1-9618&noUDP&sock=271_b1a4_6>
...
005 (005.000.000) 07/08 16:10:51 Job terminated.
	(1) Normal termination (return value 0)
		Usr 0 00:00:00, Sys 0 00:00:00  -  Run Remote Usage
		Usr 0 00:00:00, Sys 0 00:00:00  -  Run Local Usage
		Usr 0 00:00:00, Sys 0 00:00:00  -  Total Remote Usage
		Usr 0 00:00:00, Sys 0 00:00:00  -  Total Local Usage
	0  -  Run Bytes Sent By Job
	0  -  Run Bytes Received By Job
	0  -  Total Bytes Sent By Job
	0  -  Total Bytes Received By Job
...
005 (006.000.000) 07/08 16:10:51 Job terminated.
	(1) Normal termination (return value 0)
		Usr 0 00:00:00, Sys 0 00:00:00  -  Run Remote Usage
		Usr 0 00:00:00, Sys 0 00:00:00  -  Run Local Usage
		Usr 0 00:00:00, Sys 0 00:00:00  -  Total Remote Usage
		Usr 0 00:00:00, Sys 0 00:00:00  -  Total Local Usage
	0  -  Run Bytes Sent By Job
	0  -  Run Bytes Received By Job
	0  -  Total Bytes Sent By Job
	0  -  Total Bytes Received By Job
...
016 (005.000.000) 07/08 16:10:54 POST Script terminated.
	(1) Normal termination (return value 0)
    DAG Node: clean_up_local_level_3_0
...
016 (006.000.000) 07/08 16:10:54 POST Script terminated.
	(1) Normal termination (return value 0)
    DAG Node: register_local_0_0
...
000 (007.000.000) 07/08 16:11:03 Job submitted from host: <127.0.0.1:9618?addrs=127.0.0.1-9618&noUDP&sock=262_9a4e_4>
    DAG Node: cleanup_print_0_local
    pool:local
...
001 (007.000.000) 07/08 16:11:04 Job executing on host: <127.0.0.1:9618?addrs=127.0.0.1-9618&noUDP&sock=271_b1a4_7>
...
005 (007.000.000) 07/08 16:11:06 Job terminated.
	(1) Normal termination (return value 0)
		Usr 0 00:00:00, Sys 0 00:00:00  -  Run Remote Usage
		Usr 0 00:00:00, Sys 0 00:00:00  -  Run Local Usage
		Usr 0 00:00:00, Sys 0 00:00:00  -  Total Remote Usage
		Usr 0 00:00:00, Sys 0 00:00:00  -  Total Local Usage
	0  -  Run Bytes Sent By Job
	0  -  Run Bytes Received By Job
	0  -  Total Bytes Sent By Job
	0  -  Total Bytes Received By Job
...
016 (007.000.000) 07/08 16:11:08 POST Script terminated.
	(1) Normal termination (return value 0)
    DAG Node: cleanup_print_0_local
...
