2020-07-08 16:15:03,026:INFO:pegasus-monitord(58): pegasus-monitord starting - pid 2111 
2020-07-08 16:15:03,045:INFO:pegasus-monitord(455): Final Command line options are: ['-N', 'workflow3-0.dag.dagman.out']
2020-07-08 16:15:03,067:INFO:Pegasus.monitoring.event_output(629): Connecting workflow event sink to sqlite:////home/scitech/shared-data/wf-3/scitech/pegasus/workflow3/run0001/workflow3-0.stampede.db
Created Pegasus database in: sqlite:////home/scitech/shared-data/wf-3/scitech/pegasus/workflow3/run0001/workflow3-0.stampede.db
Your database is compatible with Pegasus version: 5.0.0dev
2020-07-08 16:15:03,947:INFO:Pegasus.monitoring.event_output(703): output type=DB namespace=stampede. name=sqlite:////home/scitech/shared-data/wf-3/scitech/pegasus/workflow3/run0001/workflow3-0.stampede.db
2020-07-08 16:15:03,948:INFO:Pegasus.monitoring.event_output(629): Connecting workflow event sink to sqlite:////home/scitech/.pegasus/workflow.db
Your database is compatible with Pegasus version: 5.0.0dev
2020-07-08 16:15:04,388:INFO:Pegasus.monitoring.event_output(703): output type=DB namespace=dashboard. name=sqlite:////home/scitech/.pegasus/workflow.db
2020-07-08 16:15:04,388:INFO:pegasus-monitord(1247): monitord started in fast start mode
2020-07-08 16:15:04,410:INFO:Pegasus.monitoring.workflow(461): cannot open state file /home/scitech/shared-data/wf-3/scitech/pegasus/workflow3/run0001/monitord.info, continuing without state...
2020-07-08 16:15:04,411:INFO:Pegasus.monitoring.workflow(1148): creating new file /home/scitech/shared-data/wf-3/scitech/pegasus/workflow3/run0001/jobstate.log
2020-07-08 16:15:04,412:INFO:Pegasus.monitoring.workflow(1158): Appending to existing jobstate.log replay_mode 0 previous_processed_line 0
2020-07-08 16:15:04,413:INFO:Pegasus.monitoring.notifications(474): loading notifications from /home/scitech/shared-data/wf-3/scitech/pegasus/workflow3/run0001/workflow3-0.notify
2020-07-08 16:15:04,675:INFO:Pegasus.monitoring.workflow(205): Parsing DAG file /home/scitech/shared-data/wf-3/scitech/pegasus/workflow3/run0001/workflow3-0.dag
2020-07-08 16:15:04,680:INFO:pegasus-monitord(974): Using DAGMan version 8.8.9 80809
2020-07-08 16:15:04,680:INFO:pegasus-monitord(949): DAGMan runs at pid 2110
2020-07-08 16:15:04,683:INFO:pegasus-monitord(955): using dag workflow3-0.dag
2020-07-08 16:15:04,684:INFO:Pegasus.monitoring.workflow(811): DAGMan starting with condor id 8.0
2020-07-08 16:21:48,847:WARNING:pegasus-monitord(1029): DAGMan was aborted for workflow running in directory /home/scitech/shared-data/wf-3/scitech/pegasus/workflow3/run0001
2020-07-08 16:21:48,853:INFO:pegasus-monitord(927): DAGMan workflow3-0.dag finished with exit code 2
2020-07-08 16:21:49,908:INFO:pegasus-monitord(1427): workflow /home/scitech/shared-data/wf-3/scitech/pegasus/workflow3/run0001/workflow3-0.dag.dagman.out ended
2020-07-08 16:21:49,919:INFO:Pegasus.monitoring.workflow(1377): recovery file deleted: /home/scitech/shared-data/wf-3/scitech/pegasus/workflow3/run0001/monitord.recover
2020-07-08 16:21:49,922:INFO:pegasus-monitord(1665): finishing workflow: /home/scitech/shared-data/wf-3/scitech/pegasus/workflow3/run0001/workflow3-0.dag.dagman.out
2020-07-08 16:21:49,923:INFO:pegasus-monitord(1719): finishing notifications...
2020-07-08 16:21:49,924:INFO:pegasus-monitord(1727): monitord process 2111 exiting with 0
2020-07-08 16:21:49,926:INFO:pegasus-monitord(197): DB flushing beginning
2020-07-08 16:21:49,927:INFO:Pegasus.db.workflow_loader.WorkflowLoader(1244): Executing final flush
2020-07-08 16:21:49,932:INFO:Pegasus.db.dashboard_loader.DashboardLoader(397): Executing final flush
2020-07-08 16:21:49,933:INFO:pegasus-monitord(213): DB flushing ended
