07/08/20 16:15:02 ******************************************************
07/08/20 16:15:02 ** condor_scheduniv_exec.8.0 (CONDOR_DAGMAN) STARTING UP
07/08/20 16:15:02 ** /usr/bin/condor_dagman
07/08/20 16:15:02 ** SubsystemInfo: name=DAGMAN type=DAGMAN(10) class=DAEMON(1)
07/08/20 16:15:02 ** Configuration: subsystem:DAGMAN local:<NONE> class:DAEMON
07/08/20 16:15:02 ** $CondorVersion: 8.8.9 May 06 2020 BuildID: 503068 PackageID: 8.8.9-1 $
07/08/20 16:15:02 ** $CondorPlatform: x86_64_CentOS7 $
07/08/20 16:15:02 ** PID = 2110
07/08/20 16:15:02 ** Log last touched time unavailable (No such file or directory)
07/08/20 16:15:02 ******************************************************
07/08/20 16:15:02 Using config source: /etc/condor/condor_config
07/08/20 16:15:02 Using local config sources: 
07/08/20 16:15:02    /etc/condor/config.d/00-minicondor
07/08/20 16:15:02    /etc/condor/condor_config.local
07/08/20 16:15:02 config Macros = 81, Sorted = 81, StringBytes = 2231, TablesBytes = 2964
07/08/20 16:15:02 CLASSAD_CACHING is ENABLED
07/08/20 16:15:02 Daemon Log is logging: D_ALWAYS D_ERROR
07/08/20 16:15:02 DaemonCore: No command port requested.
07/08/20 16:15:02 DAGMAN_USE_STRICT setting: 1
07/08/20 16:15:02 DAGMAN_VERBOSITY setting: 3
07/08/20 16:15:02 DAGMAN_DEBUG_CACHE_SIZE setting: 5242880
07/08/20 16:15:02 DAGMAN_DEBUG_CACHE_ENABLE setting: False
07/08/20 16:15:02 DAGMAN_SUBMIT_DELAY setting: 0
07/08/20 16:15:02 DAGMAN_MAX_SUBMIT_ATTEMPTS setting: 6
07/08/20 16:15:02 DAGMAN_STARTUP_CYCLE_DETECT setting: False
07/08/20 16:15:02 DAGMAN_MAX_SUBMITS_PER_INTERVAL setting: 100
07/08/20 16:15:02 DAGMAN_AGGRESSIVE_SUBMIT setting: False
07/08/20 16:15:02 DAGMAN_USER_LOG_SCAN_INTERVAL setting: 5
07/08/20 16:15:02 DAGMAN_QUEUE_UPDATE_INTERVAL setting: 300
07/08/20 16:15:02 DAGMAN_DEFAULT_PRIORITY setting: 0
07/08/20 16:15:02 DAGMAN_SUPPRESS_NOTIFICATION setting: True
07/08/20 16:15:02 allow_events (DAGMAN_ALLOW_EVENTS) setting: 114
07/08/20 16:15:02 DAGMAN_RETRY_SUBMIT_FIRST setting: True
07/08/20 16:15:02 DAGMAN_RETRY_NODE_FIRST setting: False
07/08/20 16:15:02 DAGMAN_MAX_JOBS_IDLE setting: 1000
07/08/20 16:15:02 DAGMAN_MAX_JOBS_SUBMITTED setting: 0
07/08/20 16:15:02 DAGMAN_MAX_PRE_SCRIPTS setting: 20
07/08/20 16:15:02 DAGMAN_MAX_POST_SCRIPTS setting: 20
07/08/20 16:15:02 DAGMAN_MUNGE_NODE_NAMES setting: True
07/08/20 16:15:02 DAGMAN_PROHIBIT_MULTI_JOBS setting: False
07/08/20 16:15:02 DAGMAN_SUBMIT_DEPTH_FIRST setting: False
07/08/20 16:15:02 DAGMAN_ALWAYS_RUN_POST setting: False
07/08/20 16:15:02 DAGMAN_CONDOR_SUBMIT_EXE setting: /usr/bin/condor_submit
07/08/20 16:15:02 DAGMAN_USE_CONDOR_SUBMIT setting: True
07/08/20 16:15:02 DAGMAN_ABORT_DUPLICATES setting: True
07/08/20 16:15:02 DAGMAN_ABORT_ON_SCARY_SUBMIT setting: True
07/08/20 16:15:02 DAGMAN_PENDING_REPORT_INTERVAL setting: 600
07/08/20 16:15:02 DAGMAN_AUTO_RESCUE setting: True
07/08/20 16:15:02 DAGMAN_MAX_RESCUE_NUM setting: 100
07/08/20 16:15:02 DAGMAN_WRITE_PARTIAL_RESCUE setting: True
07/08/20 16:15:02 DAGMAN_DEFAULT_NODE_LOG setting: @(DAG_DIR)/@(DAG_FILE).nodes.log
07/08/20 16:15:02 DAGMAN_GENERATE_SUBDAG_SUBMITS setting: True
07/08/20 16:15:02 DAGMAN_MAX_JOB_HOLDS setting: 100
07/08/20 16:15:02 DAGMAN_HOLD_CLAIM_TIME setting: 20
07/08/20 16:15:02 ALL_DEBUG setting: 
07/08/20 16:15:02 DAGMAN_DEBUG setting: 
07/08/20 16:15:02 DAGMAN_SUPPRESS_JOB_LOGS setting: False
07/08/20 16:15:02 DAGMAN_REMOVE_NODE_JOBS setting: True
07/08/20 16:15:02 argv[0] == "condor_scheduniv_exec.8.0"
07/08/20 16:15:02 argv[1] == "-Lockfile"
07/08/20 16:15:02 argv[2] == "workflow3-0.dag.lock"
07/08/20 16:15:02 argv[3] == "-AutoRescue"
07/08/20 16:15:02 argv[4] == "1"
07/08/20 16:15:02 argv[5] == "-DoRescueFrom"
07/08/20 16:15:02 argv[6] == "0"
07/08/20 16:15:02 argv[7] == "-Dag"
07/08/20 16:15:02 argv[8] == "workflow3-0.dag"
07/08/20 16:15:02 argv[9] == "-MaxPost"
07/08/20 16:15:02 argv[10] == "20"
07/08/20 16:15:02 argv[11] == "-Suppress_notification"
07/08/20 16:15:02 argv[12] == "-CsdVersion"
07/08/20 16:15:02 argv[13] == "$CondorVersion: 8.8.9 May 06 2020 BuildID: 503068 PackageID: 8.8.9-1 $"
07/08/20 16:15:02 argv[14] == "-Dagman"
07/08/20 16:15:02 argv[15] == "/bin/condor_dagman"
07/08/20 16:15:02 Workflow batch-name: <workflow3-0.dag+8>
07/08/20 16:15:02 Workflow accounting_group: <>
07/08/20 16:15:02 Workflow accounting_group_user: <>
07/08/20 16:15:02 Warning: failed to get attribute DAGNodeName
07/08/20 16:15:02 DAGMAN_LOG_ON_NFS_IS_ERROR setting: False
07/08/20 16:15:02 Default node log file is: </home/scitech/shared-data/wf-3/scitech/pegasus/workflow3/run0001/./workflow3-0.dag.nodes.log>
07/08/20 16:15:02 DAG Lockfile will be written to workflow3-0.dag.lock
07/08/20 16:15:02 DAG Input file is workflow3-0.dag
07/08/20 16:15:02 Parsing 1 dagfiles
07/08/20 16:15:02 Parsing workflow3-0.dag ...
07/08/20 16:15:02 Warning:  could not open Pegasus braindump file braindump.txt
07/08/20 16:15:02 Dag contains 18 total jobs
07/08/20 16:15:02 Sleeping for 3 seconds to ensure ProcessId uniqueness
07/08/20 16:15:05 Bootstrapping...
07/08/20 16:15:05 Number of pre-completed nodes: 0
07/08/20 16:15:05 MultiLogFiles: truncating log file /home/scitech/shared-data/wf-3/scitech/pegasus/workflow3/run0001/./workflow3-0.dag.nodes.log
07/08/20 16:15:05 DAG status: 0 (DAG_STATUS_OK)
07/08/20 16:15:05 Of 18 nodes total:
07/08/20 16:15:05  Done     Pre   Queued    Post   Ready   Un-Ready   Failed
07/08/20 16:15:05   ===     ===      ===     ===     ===        ===      ===
07/08/20 16:15:05     0       0        0       0       1         17        0
07/08/20 16:15:05 0 job proc(s) currently held
07/08/20 16:15:05 DAGMan Runtime Statistics: [ EventCycleTimeSum = 0.0; EventCycleTimeCount = 0.0; SleepCycleTimeCount = 0.0; SubmitCycleTimeSum = 0.0; SubmitCycleTimeCount = 0.0; LogProcessCycleTimeSum = 0.0; SleepCycleTimeSum = 0.0; LogProcessCycleTimeCount = 0.0; ]
07/08/20 16:15:05 Registering condor_event_timer...
07/08/20 16:15:06 Submitting HTCondor Node create_dir_workflow3_0_local job(s)...
07/08/20 16:15:06 Adding a DAGMan workflow log /home/scitech/shared-data/wf-3/scitech/pegasus/workflow3/run0001/./workflow3-0.dag.nodes.log
07/08/20 16:15:06 Masking the events recorded in the DAGMAN workflow log
07/08/20 16:15:06 Mask for workflow log is 0,1,2,4,5,7,9,10,11,12,13,16,17,24,27,35,36
07/08/20 16:15:06 submitting: /usr/bin/condor_submit -a dag_node_name' '=' 'create_dir_workflow3_0_local -a +DAGManJobId' '=' '8 -a DAGManJobId' '=' '8 -batch-name workflow3-0.dag+8 -a submit_event_notes' '=' 'DAG' 'Node:' 'create_dir_workflow3_0_local -a dagman_log' '=' '/home/scitech/shared-data/wf-3/scitech/pegasus/workflow3/run0001/./workflow3-0.dag.nodes.log -a +DAGManNodesMask' '=' '"0,1,2,4,5,7,9,10,11,12,13,16,17,24,27,35,36" -a priority=800 -a +DAGNodeRetry' '=' '0 -a DAG_STATUS' '=' '0 -a FAILED_COUNT' '=' '0 -a +KeepClaimIdle' '=' '20 -a notification' '=' 'never -a +DAGParentNodeNames' '=' '"" 00/00/create_dir_workflow3_0_local.sub
07/08/20 16:15:06 From submit: Submitting job(s).
07/08/20 16:15:06 From submit: 1 job(s) submitted to cluster 9.
07/08/20 16:15:06 	assigned HTCondor ID (9.0.0)
07/08/20 16:15:06 Just submitted 1 job this cycle...
07/08/20 16:15:06 DAG status: 0 (DAG_STATUS_OK)
07/08/20 16:15:06 Of 18 nodes total:
07/08/20 16:15:06  Done     Pre   Queued    Post   Ready   Un-Ready   Failed
07/08/20 16:15:06   ===     ===      ===     ===     ===        ===      ===
07/08/20 16:15:06     0       0        1       0       0         17        0
07/08/20 16:15:06 0 job proc(s) currently held
07/08/20 16:15:06 DAGMan Runtime Statistics: [ EventCycleTimeCount = 0.0; EventCycleTimeSum = 0.0; LogProcessCycleTimeCount = 0.0; SleepCycleTimeSum = 0.0; LogProcessCycleTimeSum = 0.0; SubmitCycleTimeCount = 1.0; SubmitCycleTimeMax = 0.05834794044494629; SubmitCycleTimeMin = 0.05834794044494629; SubmitCycleTimeAvg = 0.05834794044494629; SubmitCycleTimeStd = 0.05834794044494629; SubmitCycleTimeSum = 0.05834794044494629; SleepCycleTimeCount = 0.0; ]
07/08/20 16:15:11 Currently monitoring 1 HTCondor log file(s)
07/08/20 16:15:11 Reassigning the id of job create_dir_workflow3_0_local from (9.0.0) to (9.0.0)
07/08/20 16:15:11 Event: ULOG_SUBMIT for HTCondor Node create_dir_workflow3_0_local (9.0.0) {07/08/20 16:15:06}
07/08/20 16:15:11 Number of idle job procs: 1
07/08/20 16:15:11 Event: ULOG_EXECUTE for HTCondor Node create_dir_workflow3_0_local (9.0.0) {07/08/20 16:15:07}
07/08/20 16:15:11 Number of idle job procs: 0
07/08/20 16:15:11 Event: ULOG_JOB_TERMINATED for HTCondor Node create_dir_workflow3_0_local (9.0.0) {07/08/20 16:15:09}
07/08/20 16:15:11 Number of idle job procs: 0
07/08/20 16:15:11 Node create_dir_workflow3_0_local job proc (9.0.0) completed successfully.
07/08/20 16:15:11 Node create_dir_workflow3_0_local job completed
07/08/20 16:15:11 Running POST script of Node create_dir_workflow3_0_local...
07/08/20 16:15:11 Warning: mysin has length 0 (ignore if produced by DAGMan; see gittrac #4987, #5031)
07/08/20 16:15:11 DAG status: 0 (DAG_STATUS_OK)
07/08/20 16:15:11 Of 18 nodes total:
07/08/20 16:15:11  Done     Pre   Queued    Post   Ready   Un-Ready   Failed
07/08/20 16:15:11   ===     ===      ===     ===     ===        ===      ===
07/08/20 16:15:11     0       0        0       1       0         17        0
07/08/20 16:15:11 0 job proc(s) currently held
07/08/20 16:15:11 DAGMan Runtime Statistics: [ EventCycleTimeStd = 0.06379580497741699; EventCycleTimeMax = 0.06379580497741699; SubmitCycleTimeMin = 0.001185894012451172; SubmitCycleTimeAvg = 0.02976691722869873; SleepCycleTimeCount = 1.0; SubmitCycleTimeCount = 2.0; SubmitCycleTimeMax = 0.05834794044494629; SleepCycleTimeMin = 4.973139047622681; SubmitCycleTimeSum = 0.05953383445739746; LogProcessCycleTimeStd = 0.02834296226501465; SubmitCycleTimeStd = 0.04041967065891759; LogProcessCycleTimeAvg = 0.02834296226501465; EventCycleTimeMin = 0.06379580497741699; LogProcessCycleTimeMax = 0.02834296226501465; LogProcessCycleTimeMin = 0.02834296226501465; LogProcessCycleTimeSum = 0.02834296226501465; LogProcessCycleTimeCount = 1.0; EventCycleTimeSum = 0.06379580497741699; SleepCycleTimeSum = 4.973139047622681; SleepCycleTimeAvg = 4.973139047622681; SleepCycleTimeStd = 4.973139047622681; SleepCycleTimeMax = 4.973139047622681; EventCycleTimeCount = 1.0; EventCycleTimeAvg = 0.06379580497741699; ]
07/08/20 16:15:11 Initializing user log writer for /home/scitech/shared-data/wf-3/scitech/pegasus/workflow3/run0001/./workflow3-0.dag.nodes.log, (9.0.0)
07/08/20 16:15:16 Currently monitoring 1 HTCondor log file(s)
07/08/20 16:15:16 Event: ULOG_POST_SCRIPT_TERMINATED for HTCondor Node create_dir_workflow3_0_local (9.0.0) {07/08/20 16:15:11}
07/08/20 16:15:16 POST Script of node create_dir_workflow3_0_local completed successfully.
07/08/20 16:15:16 DAG status: 0 (DAG_STATUS_OK)
07/08/20 16:15:16 Of 18 nodes total:
07/08/20 16:15:16  Done     Pre   Queued    Post   Ready   Un-Ready   Failed
07/08/20 16:15:16   ===     ===      ===     ===     ===        ===      ===
07/08/20 16:15:16     1       0        0       0       2         15        0
07/08/20 16:15:16 0 job proc(s) currently held
07/08/20 16:15:16 DAGMan Runtime Statistics: [ EventCycleTimeStd = 0.01854225312127676; EventCycleTimeMax = 0.06379580497741699; SubmitCycleTimeMin = 0.0004270076751708984; SubmitCycleTimeAvg = 0.01998694737752279; SleepCycleTimeCount = 2.0; SubmitCycleTimeCount = 3.0; SubmitCycleTimeMax = 0.05834794044494629; SleepCycleTimeMin = 4.973139047622681; SubmitCycleTimeSum = 0.05996084213256836; LogProcessCycleTimeStd = 0.01702277493876201; SubmitCycleTimeStd = 0.03322376136077029; LogProcessCycleTimeAvg = 0.01630604267120361; EventCycleTimeMin = 0.03757309913635254; LogProcessCycleTimeMax = 0.02834296226501465; LogProcessCycleTimeMin = 0.004269123077392578; LogProcessCycleTimeSum = 0.03261208534240723; LogProcessCycleTimeCount = 2.0; EventCycleTimeSum = 0.1013689041137695; SleepCycleTimeSum = 10.21193194389343; SleepCycleTimeAvg = 5.105965971946716; SleepCycleTimeStd = 0.187845637827356; SleepCycleTimeMax = 5.238792896270752; EventCycleTimeCount = 2.0; EventCycleTimeAvg = 0.05068445205688477; ]
07/08/20 16:15:21 Submitting HTCondor Node stage_in_local_local_0_0 job(s)...
07/08/20 16:15:21 Adding a DAGMan workflow log /home/scitech/shared-data/wf-3/scitech/pegasus/workflow3/run0001/./workflow3-0.dag.nodes.log
07/08/20 16:15:21 Masking the events recorded in the DAGMAN workflow log
07/08/20 16:15:21 Mask for workflow log is 0,1,2,4,5,7,9,10,11,12,13,16,17,24,27,35,36
07/08/20 16:15:21 submitting: /usr/bin/condor_submit -a dag_node_name' '=' 'stage_in_local_local_0_0 -a +DAGManJobId' '=' '8 -a DAGManJobId' '=' '8 -batch-name workflow3-0.dag+8 -a submit_event_notes' '=' 'DAG' 'Node:' 'stage_in_local_local_0_0 -a dagman_log' '=' '/home/scitech/shared-data/wf-3/scitech/pegasus/workflow3/run0001/./workflow3-0.dag.nodes.log -a +DAGManNodesMask' '=' '"0,1,2,4,5,7,9,10,11,12,13,16,17,24,27,35,36" -a priority=700 -a +DAGNodeRetry' '=' '0 -a DAG_STATUS' '=' '0 -a FAILED_COUNT' '=' '0 -a +KeepClaimIdle' '=' '20 -a notification' '=' 'never -a +DAGParentNodeNames' '=' '"create_dir_workflow3_0_local" 00/00/stage_in_local_local_0_0.sub
07/08/20 16:15:21 From submit: Submitting job(s).
07/08/20 16:15:21 From submit: 1 job(s) submitted to cluster 10.
07/08/20 16:15:21 	assigned HTCondor ID (10.0.0)
07/08/20 16:15:21 Submitting HTCondor Node stage_in_local_local_1_0 job(s)...
07/08/20 16:15:21 Adding a DAGMan workflow log /home/scitech/shared-data/wf-3/scitech/pegasus/workflow3/run0001/./workflow3-0.dag.nodes.log
07/08/20 16:15:21 Masking the events recorded in the DAGMAN workflow log
07/08/20 16:15:21 Mask for workflow log is 0,1,2,4,5,7,9,10,11,12,13,16,17,24,27,35,36
07/08/20 16:15:21 submitting: /usr/bin/condor_submit -a dag_node_name' '=' 'stage_in_local_local_1_0 -a +DAGManJobId' '=' '8 -a DAGManJobId' '=' '8 -batch-name workflow3-0.dag+8 -a submit_event_notes' '=' 'DAG' 'Node:' 'stage_in_local_local_1_0 -a dagman_log' '=' '/home/scitech/shared-data/wf-3/scitech/pegasus/workflow3/run0001/./workflow3-0.dag.nodes.log -a +DAGManNodesMask' '=' '"0,1,2,4,5,7,9,10,11,12,13,16,17,24,27,35,36" -a priority=700 -a +DAGNodeRetry' '=' '0 -a DAG_STATUS' '=' '0 -a FAILED_COUNT' '=' '0 -a +KeepClaimIdle' '=' '20 -a notification' '=' 'never -a +DAGParentNodeNames' '=' '"create_dir_workflow3_0_local" 00/00/stage_in_local_local_1_0.sub
07/08/20 16:15:21 From submit: Submitting job(s).
07/08/20 16:15:21 From submit: 1 job(s) submitted to cluster 11.
07/08/20 16:15:21 	assigned HTCondor ID (11.0.0)
07/08/20 16:15:21 Just submitted 2 jobs this cycle...
07/08/20 16:15:21 DAG status: 0 (DAG_STATUS_OK)
07/08/20 16:15:21 Of 18 nodes total:
07/08/20 16:15:21  Done     Pre   Queued    Post   Ready   Un-Ready   Failed
07/08/20 16:15:21   ===     ===      ===     ===     ===        ===      ===
07/08/20 16:15:21     1       0        2       0       0         15        0
07/08/20 16:15:21 0 job proc(s) currently held
07/08/20 16:15:21 DAGMan Runtime Statistics: [ EventCycleTimeStd = 0.02661287292038299; EventCycleTimeMax = 0.06379580497741699; SubmitCycleTimeMin = 0.0004270076751708984; SubmitCycleTimeAvg = 0.04355370998382568; SleepCycleTimeCount = 3.0; SubmitCycleTimeCount = 4.0; SubmitCycleTimeMax = 0.1142539978027344; SleepCycleTimeMin = 4.973139047622681; SubmitCycleTimeSum = 0.1742148399353027; LogProcessCycleTimeStd = 0.01702277493876201; SubmitCycleTimeStd = 0.05438242435081658; LogProcessCycleTimeAvg = 0.01630604267120361; EventCycleTimeMin = 0.01057195663452148; LogProcessCycleTimeMax = 0.02834296226501465; LogProcessCycleTimeMin = 0.004269123077392578; LogProcessCycleTimeSum = 0.03261208534240723; LogProcessCycleTimeCount = 2.0; EventCycleTimeSum = 0.111940860748291; SleepCycleTimeSum = 15.22414612770081; SleepCycleTimeAvg = 5.074715375900269; SleepCycleTimeStd = 0.1434321828780342; SleepCycleTimeMax = 5.238792896270752; EventCycleTimeCount = 3.0; EventCycleTimeAvg = 0.03731362024943034; ]
07/08/20 16:15:26 Currently monitoring 1 HTCondor log file(s)
07/08/20 16:15:26 Reassigning the id of job stage_in_local_local_0_0 from (10.0.0) to (10.0.0)
07/08/20 16:15:26 Event: ULOG_SUBMIT for HTCondor Node stage_in_local_local_0_0 (10.0.0) {07/08/20 16:15:21}
07/08/20 16:15:26 Number of idle job procs: 1
07/08/20 16:15:26 Reassigning the id of job stage_in_local_local_1_0 from (11.0.0) to (11.0.0)
07/08/20 16:15:26 Event: ULOG_SUBMIT for HTCondor Node stage_in_local_local_1_0 (11.0.0) {07/08/20 16:15:21}
07/08/20 16:15:26 Number of idle job procs: 2
07/08/20 16:15:26 Event: ULOG_EXECUTE for HTCondor Node stage_in_local_local_0_0 (10.0.0) {07/08/20 16:15:24}
07/08/20 16:15:26 Number of idle job procs: 1
07/08/20 16:15:26 Event: ULOG_EXECUTE for HTCondor Node stage_in_local_local_1_0 (11.0.0) {07/08/20 16:15:24}
07/08/20 16:15:26 Number of idle job procs: 0
07/08/20 16:15:31 Currently monitoring 1 HTCondor log file(s)
07/08/20 16:15:31 Event: ULOG_JOB_TERMINATED for HTCondor Node stage_in_local_local_1_0 (11.0.0) {07/08/20 16:15:27}
07/08/20 16:15:31 Number of idle job procs: 0
07/08/20 16:15:31 Node stage_in_local_local_1_0 job proc (11.0.0) completed successfully.
07/08/20 16:15:31 Node stage_in_local_local_1_0 job completed
07/08/20 16:15:31 Running POST script of Node stage_in_local_local_1_0...
07/08/20 16:15:32 Warning: mysin has length 0 (ignore if produced by DAGMan; see gittrac #4987, #5031)
07/08/20 16:15:32 DAG status: 0 (DAG_STATUS_OK)
07/08/20 16:15:32 Of 18 nodes total:
07/08/20 16:15:32  Done     Pre   Queued    Post   Ready   Un-Ready   Failed
07/08/20 16:15:32   ===     ===      ===     ===     ===        ===      ===
07/08/20 16:15:32     1       0        1       1       0         15        0
07/08/20 16:15:32 0 job proc(s) currently held
07/08/20 16:15:32 DAGMan Runtime Statistics: [ EventCycleTimeStd = 0.04357786471615537; EventCycleTimeMax = 0.1210658550262451; SubmitCycleTimeMin = 0.0004270076751708984; SubmitCycleTimeAvg = 0.02950115998586019; SleepCycleTimeCount = 5.0; SubmitCycleTimeCount = 6.0; SubmitCycleTimeMax = 0.1142539978027344; SleepCycleTimeMin = 4.973139047622681; SubmitCycleTimeSum = 0.1770069599151611; LogProcessCycleTimeStd = 0.01167971558211533; SubmitCycleTimeStd = 0.04741758011331517; LogProcessCycleTimeAvg = 0.02090728282928467; EventCycleTimeMin = 0.01057195663452148; LogProcessCycleTimeMax = 0.0296790599822998; LogProcessCycleTimeMin = 0.004269123077392578; LogProcessCycleTimeSum = 0.08362913131713867; LogProcessCycleTimeCount = 4.0; EventCycleTimeSum = 0.257368803024292; SleepCycleTimeSum = 25.23112916946411; SleepCycleTimeAvg = 5.046225833892822; SleepCycleTimeStd = 0.1086689144618232; SleepCycleTimeMax = 5.238792896270752; EventCycleTimeCount = 5.0; EventCycleTimeAvg = 0.0514737606048584; ]
07/08/20 16:15:32 Initializing user log writer for /home/scitech/shared-data/wf-3/scitech/pegasus/workflow3/run0001/./workflow3-0.dag.nodes.log, (11.0.0)
07/08/20 16:15:37 Currently monitoring 1 HTCondor log file(s)
07/08/20 16:15:37 Event: ULOG_POST_SCRIPT_TERMINATED for HTCondor Node stage_in_local_local_1_0 (11.0.0) {07/08/20 16:15:32}
07/08/20 16:15:37 POST Script of node stage_in_local_local_1_0 completed successfully.
07/08/20 16:15:37 DAG status: 0 (DAG_STATUS_OK)
07/08/20 16:15:37 Of 18 nodes total:
07/08/20 16:15:37  Done     Pre   Queued    Post   Ready   Un-Ready   Failed
07/08/20 16:15:37   ===     ===      ===     ===     ===        ===      ===
07/08/20 16:15:37     2       0        1       0       0         15        0
07/08/20 16:15:37 0 job proc(s) currently held
07/08/20 16:15:37 DAGMan Runtime Statistics: [ EventCycleTimeStd = 0.03920694717949798; EventCycleTimeMax = 0.1210658550262451; SubmitCycleTimeMin = 0.0004270076751708984; SubmitCycleTimeAvg = 0.02545700754438128; SleepCycleTimeCount = 6.0; SubmitCycleTimeCount = 7.0; SubmitCycleTimeMax = 0.1142539978027344; SleepCycleTimeMin = 4.973139047622681; SubmitCycleTimeSum = 0.1781990528106689; LogProcessCycleTimeStd = 0.01115141763570875; SubmitCycleTimeStd = 0.04458895905144745; LogProcessCycleTimeAvg = 0.01880764961242676; EventCycleTimeMin = 0.01057195663452148; LogProcessCycleTimeMax = 0.0296790599822998; LogProcessCycleTimeMin = 0.004269123077392578; LogProcessCycleTimeSum = 0.09403824806213379; LogProcessCycleTimeCount = 5.0; EventCycleTimeSum = 0.2984616756439209; SleepCycleTimeSum = 30.48793125152588; SleepCycleTimeAvg = 5.081321875254313; SleepCycleTimeStd = 0.1297595433551138; SleepCycleTimeMax = 5.256802082061768; EventCycleTimeCount = 6.0; EventCycleTimeAvg = 0.04974361260732015; ]
07/08/20 16:21:38 Received SIGUSR1
07/08/20 16:21:38 Aborting DAG...
07/08/20 16:21:38 Writing Rescue DAG to workflow3-0.dag.rescue001...
07/08/20 16:21:38 Removing submitted jobs...
07/08/20 16:21:38 Removing any/all submitted HTCondor jobs...
07/08/20 16:21:38 Running: /usr/bin/condor_rm -const DAGManJobId' '=?=' '8
07/08/20 16:21:38 Note: 0 total job deferrals because of -MaxJobs limit (0)
07/08/20 16:21:38 Note: 0 total job deferrals because of -MaxIdle limit (1000)
07/08/20 16:21:38 Note: 0 total job deferrals because of node category throttles
07/08/20 16:21:38 Note: 0 total PRE script deferrals because of -MaxPre limit (20) or DEFER
07/08/20 16:21:38 Note: 0 total POST script deferrals because of -MaxPost limit (20) or DEFER
07/08/20 16:21:38 DAG status: 4 (DAG_STATUS_RM)
07/08/20 16:21:38 Of 18 nodes total:
07/08/20 16:21:38  Done     Pre   Queued    Post   Ready   Un-Ready   Failed
07/08/20 16:21:38   ===     ===      ===     ===     ===        ===      ===
07/08/20 16:21:38     2       0        1       0       0         15        0
07/08/20 16:21:38 0 job proc(s) currently held
07/08/20 16:21:38 DAGMan Runtime Statistics: [ EventCycleTimeStd = 0.01617787801472795; EventCycleTimeMax = 0.1210658550262451; SubmitCycleTimeMin = 0.0002269744873046875; SubmitCycleTimeAvg = 0.003212168246884889; SleepCycleTimeCount = 78.0; SubmitCycleTimeCount = 79.0; SubmitCycleTimeMax = 0.1142539978027344; SleepCycleTimeMin = 4.95202898979187; SubmitCycleTimeSum = 0.2537612915039062; LogProcessCycleTimeStd = 0.01115141763570875; SubmitCycleTimeStd = 0.01421217734708058; LogProcessCycleTimeAvg = 0.01880764961242676; EventCycleTimeMin = 0.0005459785461425781; LogProcessCycleTimeMax = 0.0296790599822998; LogProcessCycleTimeMin = 0.004269123077392578; LogProcessCycleTimeSum = 0.09403824806213379; LogProcessCycleTimeCount = 5.0; EventCycleTimeSum = 0.5023307800292969; SleepCycleTimeSum = 390.5667541027069; SleepCycleTimeAvg = 5.007266078239832; SleepCycleTimeStd = 0.04170168965810993; SleepCycleTimeMax = 5.256802082061768; EventCycleTimeCount = 79.0; EventCycleTimeAvg = 0.006358617468725277; ]
07/08/20 16:21:38 Wrote metrics file workflow3-0.dag.metrics.
07/08/20 16:21:38 Reporting metrics to Pegasus metrics server(s); output is in workflow3-0.dag.metrics.out.
07/08/20 16:21:38 Running command </usr/libexec/condor/condor_dagman_metrics_reporter -f workflow3-0.dag.metrics -s -t 100>
07/08/20 16:21:38 Warning: mysin has length 0 (ignore if produced by DAGMan; see gittrac #4987, #5031)
07/08/20 16:21:38 DAGMan Runtime Statistics: [ EventCycleTimeStd = 0.01617787801472795; EventCycleTimeMax = 0.1210658550262451; SubmitCycleTimeMin = 0.0002269744873046875; SubmitCycleTimeAvg = 0.003212168246884889; SleepCycleTimeCount = 78.0; SubmitCycleTimeCount = 79.0; SubmitCycleTimeMax = 0.1142539978027344; SleepCycleTimeMin = 4.95202898979187; SubmitCycleTimeSum = 0.2537612915039062; LogProcessCycleTimeStd = 0.01115141763570875; SubmitCycleTimeStd = 0.01421217734708058; LogProcessCycleTimeAvg = 0.01880764961242676; EventCycleTimeMin = 0.0005459785461425781; LogProcessCycleTimeMax = 0.0296790599822998; LogProcessCycleTimeMin = 0.004269123077392578; LogProcessCycleTimeSum = 0.09403824806213379; LogProcessCycleTimeCount = 5.0; EventCycleTimeSum = 0.5023307800292969; SleepCycleTimeSum = 390.5667541027069; SleepCycleTimeAvg = 5.007266078239832; SleepCycleTimeStd = 0.04170168965810993; SleepCycleTimeMax = 5.256802082061768; EventCycleTimeCount = 79.0; EventCycleTimeAvg = 0.006358617468725277; ]
07/08/20 16:21:38 **** condor_scheduniv_exec.8.0 (condor_DAGMAN) pid 2110 EXITING WITH STATUS 2
